[2019-02-01 9:49:09.983021] [WPBackItUp_Job_Task::setStatus]::[INFO]: Begin
[2019-02-01 9:49:09.983160] [WPBackItUp_Job_Task::save]::[INFO]: Begin
[2019-02-01 9:49:13.918032] [WPBackItUp_Job_Task::get_job_tasks]::[INFO]: Begin
[2019-02-01 9:49:13.926305] [WPBackItUp_Job_Task::try_allocate_task]::[INFO]: Begin
[2019-02-01 9:49:13.958627] [WPBackItUp_Job_Task::setStatus]::[INFO]: Begin
[2019-02-01 9:49:13.958877] [WPBackItUp_Job_Task::save]::[INFO]: Begin
[2019-02-01 9:49:13.976722] [WPBackItUp_Job_Task::try_allocate_task]::[INFO]: End - Task allocated
[2019-02-01 9:49:13.980909] [WPBackItUp_Job_Task::increment_retry_count]::[INFO]: Begin
[2019-02-01 9:49:13.981002] [WPBackItUp_Job_Task::save]::[INFO]: Begin
[2019-02-01 9:49:14.258013] [WPBackItUp_Job_Task::setStatus]::[INFO]: Begin
[2019-02-01 9:49:14.258152] [WPBackItUp_Job_Task::save]::[INFO]: Begin
[2019-02-01 9:49:17.221494] [WPBackItUp_Job_Task::get_job_tasks]::[INFO]: Begin
[2019-02-01 9:49:17.223195] [WPBackItUp_Job_Task::try_allocate_task]::[INFO]: Begin
[2019-02-01 9:49:17.253077] [WPBackItUp_Job_Task::setStatus]::[INFO]: Begin
[2019-02-01 9:49:17.253468] [WPBackItUp_Job_Task::save]::[INFO]: Begin
[2019-02-01 9:49:17.267904] [WPBackItUp_Job_Task::try_allocate_task]::[INFO]: End - Task allocated
[2019-02-01 9:49:17.271752] [WPBackItUp_Job_Task::increment_retry_count]::[INFO]: Begin
[2019-02-01 9:49:17.271835] [WPBackItUp_Job_Task::save]::[INFO]: Begin
[2019-02-01 9:49:17.351969] [WPBackItUp_Job_Task::setStatus]::[INFO]: Begin
[2019-02-01 9:49:17.352237] [WPBackItUp_Job_Task::save]::[INFO]: Begin
[2019-02-01 9:49:18.860197] [WPBackItUp_Job_Task::get_job_tasks]::[INFO]: Begin
[2019-02-01 9:49:18.863145] [WPBackItUp_Job_Task::try_allocate_task]::[INFO]: Begin
[2019-02-01 9:49:18.865513] [WPBackItUp_Job_Task::setStatus]::[INFO]: Begin
[2019-02-01 9:49:18.865641] [WPBackItUp_Job_Task::save]::[INFO]: Begin
[2019-02-01 9:49:18.867741] [WPBackItUp_Job_Task::try_allocate_task]::[INFO]: End - Task allocated
[2019-02-01 9:49:18.870855] [WPBackItUp_Job_Task::increment_retry_count]::[INFO]: Begin
[2019-02-01 9:49:18.870903] [WPBackItUp_Job_Task::save]::[INFO]: Begin
[2019-02-01 9:49:19.487534] [WPBackItUp_Job_Task::setStatus]::[INFO]: Begin
[2019-02-01 9:49:19.487746] [WPBackItUp_Job_Task::save]::[INFO]: Begin
[2019-02-01 9:49:20.926908] [WPBackItUp_Job_Task::get_job_tasks]::[INFO]: Begin
[2019-02-01 9:49:20.941140] [WPBackItUp_Job_Task::try_allocate_task]::[INFO]: Begin
[2019-02-01 9:49:20.954421] [WPBackItUp_Job_Task::setStatus]::[INFO]: Begin
[2019-02-01 9:49:20.959831] [WPBackItUp_Job_Task::save]::[INFO]: Begin
[2019-02-01 9:49:20.966825] [WPBackItUp_Job_Task::try_allocate_task]::[INFO]: End - Task allocated
[2019-02-01 9:49:20.970889] [WPBackItUp_Job_Task::increment_retry_count]::[INFO]: Begin
[2019-02-01 9:49:20.970957] [WPBackItUp_Job_Task::save]::[INFO]: Begin
[2019-02-01 9:49:21.129774] [WPBackItUp_Job_Task::setStatus]::[INFO]: Begin
[2019-02-01 9:49:21.129925] [WPBackItUp_Job_Task::save]::[INFO]: Begin
[2019-02-01 9:49:25.382986] [WPBackItUp_Job_Task::get_job_tasks]::[INFO]: Begin
[2019-02-01 9:49:25.401935] [WPBackItUp_Job_Task::try_allocate_task]::[INFO]: Begin
[2019-02-01 9:49:25.633632] [WPBackItUp_Job_Task::setStatus]::[INFO]: Begin
[2019-02-01 9:49:25.641546] [WPBackItUp_Job_Task::save]::[INFO]: Begin
[2019-02-01 9:49:25.646359] [WPBackItUp_Job_Task::try_allocate_task]::[INFO]: End - Task allocated
[2019-02-01 9:49:25.655205] [WPBackItUp_Job_Task::increment_retry_count]::[INFO]: Begin
[2019-02-01 9:49:25.655253] [WPBackItUp_Job_Task::save]::[INFO]: Begin
[2019-02-01 9:49:30.423577] [WPBackItUp_Job_Task::get_job_tasks]::[INFO]: Begin
[2019-02-01 9:49:31.918061] [WPBackItUp_Job_Task::get_job_tasks]::[INFO]: Begin
[2019-02-01 9:49:31.939308] [WPBackItUp_Job_Task::setStatus]::[INFO]: Begin
[2019-02-01 9:49:31.939438] [WPBackItUp_Job_Task::save]::[INFO]: Begin
[2019-02-01 9:49:34.171106] [WPBackItUp_Job_Task::get_job_tasks]::[INFO]: Begin
[2019-02-01 9:49:34.183489] [WPBackItUp_Job_Task::try_allocate_task]::[INFO]: Begin
[2019-02-01 9:49:34.239876] [WPBackItUp_Job_Task::setStatus]::[INFO]: Begin
[2019-02-01 9:49:34.240092] [WPBackItUp_Job_Task::save]::[INFO]: Begin
[2019-02-01 9:49:34.268906] [WPBackItUp_Job_Task::try_allocate_task]::[INFO]: End - Task allocated
[2019-02-01 9:49:34.272962] [WPBackItUp_Job_Task::increment_retry_count]::[INFO]: Begin
[2019-02-01 9:49:34.273040] [WPBackItUp_Job_Task::save]::[INFO]: Begin
[2019-02-01 9:49:38.439671] [WPBackItUp_Job_Task::get_job_tasks]::[INFO]: Begin
[2019-02-01 9:49:39.516979] [WPBackItUp_Job_Task::get_job_tasks]::[INFO]: Begin
[2019-02-01 9:49:39.759809] [WPBackItUp_Job_Task::setStatus]::[INFO]: Begin
[2019-02-01 9:49:39.759990] [WPBackItUp_Job_Task::save]::[INFO]: Begin
[2019-02-01 9:49:41.842565] [WPBackItUp_Job_Task::get_job_tasks]::[INFO]: Begin
[2019-02-01 9:49:41.845446] [WPBackItUp_Job_Task::try_allocate_task]::[INFO]: Begin
[2019-02-01 9:49:41.857578] [WPBackItUp_Job_Task::setStatus]::[INFO]: Begin
[2019-02-01 9:49:41.857747] [WPBackItUp_Job_Task::save]::[INFO]: Begin
[2019-02-01 9:49:41.864737] [WPBackItUp_Job_Task::try_allocate_task]::[INFO]: End - Task allocated
[2019-02-01 9:49:41.866774] [WPBackItUp_Job_Task::increment_retry_count]::[INFO]: Begin
[2019-02-01 9:49:41.866825] [WPBackItUp_Job_Task::save]::[INFO]: Begin
[2019-02-01 9:49:45.901571] [WPBackItUp_Job_Task::setStatus]::[INFO]: Begin
[2019-02-01 9:49:45.991055] [WPBackItUp_Job_Task::save]::[INFO]: Begin
[2019-02-01 9:49:49.491393] [WPBackItUp_Job_Task::get_job_tasks]::[INFO]: Begin
[2019-02-01 9:49:49.494501] [WPBackItUp_Job_Task::try_allocate_task]::[INFO]: Begin
[2019-02-01 9:49:49.499367] [WPBackItUp_Job_Task::setStatus]::[INFO]: Begin
[2019-02-01 9:49:49.499497] [WPBackItUp_Job_Task::save]::[INFO]: Begin
[2019-02-01 9:49:49.502247] [WPBackItUp_Job_Task::try_allocate_task]::[INFO]: End - Task allocated
[2019-02-01 9:49:49.503707] [WPBackItUp_Job_Task::increment_retry_count]::[INFO]: Begin
[2019-02-01 9:49:49.503777] [WPBackItUp_Job_Task::save]::[INFO]: Begin
[2019-02-01 9:49:53.970426] [WPBackItUp_Job_Task::get_job_tasks]::[INFO]: Begin
[2019-02-01 9:49:54.361891] [WPBackItUp_Job_Task::get_job_tasks]::[INFO]: Begin
[2019-02-01 9:49:55.086842] [WPBackItUp_Job_Task::setStatus]::[INFO]: Begin
[2019-02-01 9:49:55.087007] [WPBackItUp_Job_Task::save]::[INFO]: Begin
[2019-02-01 9:49:59.018987] [WPBackItUp_Job_Task::get_job_tasks]::[INFO]: Begin
[2019-02-01 9:49:59.125077] [WPBackItUp_Job_Task::try_allocate_task]::[INFO]: Begin
[2019-02-01 9:49:59.139380] [WPBackItUp_Job_Task::setStatus]::[INFO]: Begin
[2019-02-01 9:49:59.139585] [WPBackItUp_Job_Task::save]::[INFO]: Begin
[2019-02-01 9:49:59.180998] [WPBackItUp_Job_Task::try_allocate_task]::[INFO]: End - Task allocated
[2019-02-01 9:49:59.196794] [WPBackItUp_Job_Task::increment_retry_count]::[INFO]: Begin
[2019-02-01 9:49:59.196857] [WPBackItUp_Job_Task::save]::[INFO]: Begin
[2019-02-01 9:50:05.195038] [WPBackItUp_Job_Task::get_job_tasks]::[INFO]: Begin
[2019-02-01 9:50:05.470855] [WPBackItUp_Job_Task::get_job_tasks]::[INFO]: Begin
[2019-02-01 9:50:06.216562] [WPBackItUp_Job_Task::setStatus]::[INFO]: Begin
[2019-02-01 9:50:06.216727] [WPBackItUp_Job_Task::save]::[INFO]: Begin
[2019-02-01 9:50:09.459428] [WPBackItUp_Job_Task::get_job_tasks]::[INFO]: Begin
[2019-02-01 9:50:09.493508] [WPBackItUp_Job_Task::try_allocate_task]::[INFO]: Begin
[2019-02-01 9:50:09.926038] [WPBackItUp_Job_Task::setStatus]::[INFO]: Begin
[2019-02-01 9:50:09.926160] [WPBackItUp_Job_Task::save]::[INFO]: Begin
[2019-02-01 9:50:09.968620] [WPBackItUp_Job_Task::try_allocate_task]::[INFO]: End - Task allocated
[2019-02-01 9:50:10.035939] [WPBackItUp_Job_Task::increment_retry_count]::[INFO]: Begin
[2019-02-01 9:50:10.036003] [WPBackItUp_Job_Task::save]::[INFO]: Begin
[2019-02-01 9:50:13.438254] [WPBackItUp_Job_Task::setStatus]::[INFO]: Begin
[2019-02-01 9:50:13.438407] [WPBackItUp_Job_Task::save]::[INFO]: Begin
[2019-02-01 9:50:14.267963] [WPBackItUp_Job_Task::get_job_tasks]::[INFO]: Begin
[2019-02-01 9:50:14.271737] [WPBackItUp_Job_Task::try_allocate_task]::[INFO]: Begin
[2019-02-01 9:50:14.286448] [WPBackItUp_Job_Task::setStatus]::[INFO]: Begin
[2019-02-01 9:50:14.286607] [WPBackItUp_Job_Task::save]::[INFO]: Begin
[2019-02-01 9:50:14.365679] [WPBackItUp_Job_Task::try_allocate_task]::[INFO]: End - Task allocated
[2019-02-01 9:50:14.435579] [WPBackItUp_Job_Task::increment_retry_count]::[INFO]: Begin
[2019-02-01 9:50:14.435636] [WPBackItUp_Job_Task::save]::[INFO]: Begin
[2019-02-01 9:50:18.991307] [WPBackItUp_Job_Task::setStatus]::[INFO]: Begin
[2019-02-01 9:50:18.991489] [WPBackItUp_Job_Task::save]::[INFO]: Begin
[2019-02-01 9:50:19.364136] [WPBackItUp_Job_Task::get_job_tasks]::[INFO]: Begin
[2019-02-01 9:50:19.419399] [WPBackItUp_Job_Task::try_allocate_task]::[INFO]: Begin
[2019-02-01 9:50:19.464931] [WPBackItUp_Job_Task::setStatus]::[INFO]: Begin
[2019-02-01 9:50:19.465082] [WPBackItUp_Job_Task::save]::[INFO]: Begin
[2019-02-01 9:50:19.476721] [WPBackItUp_Job_Task::try_allocate_task]::[INFO]: End - Task allocated
[2019-02-01 9:50:19.511267] [WPBackItUp_Job_Task::increment_retry_count]::[INFO]: Begin
[2019-02-01 9:50:19.511316] [WPBackItUp_Job_Task::save]::[INFO]: Begin
[2019-02-01 9:50:24.495599] [WPBackItUp_Job_Task::get_job_tasks]::[INFO]: Begin
[2019-02-01 9:50:26.893965] [WPBackItUp_Job_Task::setStatus]::[INFO]: Begin
[2019-02-01 9:50:26.894131] [WPBackItUp_Job_Task::save]::[INFO]: Begin
[2019-02-01 9:50:27.394530] [WPBackItUp_Job_Task::get_job_tasks]::[INFO]: Begin
[2019-02-01 9:50:27.407335] [WPBackItUp_Job_Task::try_allocate_task]::[INFO]: Begin
[2019-02-01 9:50:27.430320] [WPBackItUp_Job_Task::setStatus]::[INFO]: Begin
[2019-02-01 9:50:27.430509] [WPBackItUp_Job_Task::save]::[INFO]: Begin
[2019-02-01 9:50:27.456254] [WPBackItUp_Job_Task::try_allocate_task]::[INFO]: End - Task allocated
[2019-02-01 9:50:27.481576] [WPBackItUp_Job_Task::increment_retry_count]::[INFO]: Begin
[2019-02-01 9:50:27.481641] [WPBackItUp_Job_Task::save]::[INFO]: Begin
[2019-02-01 9:50:34.052386] [WPBackItUp_Job_Task::get_job_tasks]::[INFO]: Begin
[2019-02-01 9:50:34.369719] [WPBackItUp_Job_Task::get_job_tasks]::[INFO]: Begin
[2019-02-01 9:50:35.093250] [WPBackItUp_Job_Task::setStatus]::[INFO]: Begin
[2019-02-01 9:50:35.093420] [WPBackItUp_Job_Task::save]::[INFO]: Begin
[2019-02-01 9:50:38.818420] [WPBackItUp_Job_Task::get_job_tasks]::[INFO]: Begin
[2019-02-01 9:50:38.821382] [WPBackItUp_Job_Task::try_allocate_task]::[INFO]: Begin
[2019-02-01 9:50:38.833302] [WPBackItUp_Job_Task::setStatus]::[INFO]: Begin
[2019-02-01 9:50:38.833467] [WPBackItUp_Job_Task::save]::[INFO]: Begin
[2019-02-01 9:50:38.842550] [WPBackItUp_Job_Task::try_allocate_task]::[INFO]: End - Task allocated
[2019-02-01 9:50:38.851551] [WPBackItUp_Job_Task::increment_retry_count]::[INFO]: Begin
[2019-02-01 9:50:38.851630] [WPBackItUp_Job_Task::save]::[INFO]: Begin
[2019-02-01 9:50:41.743598] [WPBackItUp_Job_Task::get_job_tasks]::[INFO]: Begin
[2019-02-01 9:50:41.763478] [WPBackItUp_Job_Task::setStatus]::[INFO]: Begin
[2019-02-01 9:50:41.763616] [WPBackItUp_Job_Task::save]::[INFO]: Begin
[2019-02-01 9:50:44.119301] [WPBackItUp_Job_Task::get_job_tasks]::[INFO]: Begin
[2019-02-01 9:50:44.123194] [WPBackItUp_Job_Task::try_allocate_task]::[INFO]: Begin
[2019-02-01 9:50:44.134732] [WPBackItUp_Job_Task::setStatus]::[INFO]: Begin
[2019-02-01 9:50:44.134927] [WPBackItUp_Job_Task::save]::[INFO]: Begin
[2019-02-01 9:50:44.143454] [WPBackItUp_Job_Task::try_allocate_task]::[INFO]: End - Task allocated
[2019-02-01 9:50:44.149039] [WPBackItUp_Job_Task::increment_retry_count]::[INFO]: Begin
[2019-02-01 9:50:44.149111] [WPBackItUp_Job_Task::save]::[INFO]: Begin
[2019-02-01 9:50:46.845607] [WPBackItUp_Job_Task::get_job_tasks]::[INFO]: Begin
[2019-02-01 9:50:47.253786] [WPBackItUp_Job_Task::setStatus]::[INFO]: Begin
[2019-02-01 9:50:47.253918] [WPBackItUp_Job_Task::save]::[INFO]: Begin
[2019-02-01 9:50:49.129523] [WPBackItUp_Job_Task::get_job_tasks]::[INFO]: Begin
[2019-02-01 9:50:49.161849] [WPBackItUp_Job_Task::try_allocate_task]::[INFO]: Begin
[2019-02-01 9:50:49.270531] [WPBackItUp_Job_Task::setStatus]::[INFO]: Begin
[2019-02-01 9:50:49.270729] [WPBackItUp_Job_Task::save]::[INFO]: Begin
[2019-02-01 9:50:49.275104] [WPBackItUp_Job_Task::try_allocate_task]::[INFO]: End - Task allocated
[2019-02-01 9:50:49.297753] [WPBackItUp_Job_Task::increment_retry_count]::[INFO]: Begin
[2019-02-01 9:50:49.297826] [WPBackItUp_Job_Task::save]::[INFO]: Begin
[2019-02-01 9:50:55.219784] [WPBackItUp_Job_Task::get_job_tasks]::[INFO]: Begin
[2019-02-01 9:50:55.301675] [WPBackItUp_Job_Task::get_job_tasks]::[INFO]: Begin
[2019-02-01 9:50:56.420906] [WPBackItUp_Job_Task::setStatus]::[INFO]: Begin
[2019-02-01 9:50:56.421219] [WPBackItUp_Job_Task::save]::[INFO]: Begin
[2019-02-01 9:50:57.884279] [WPBackItUp_Job_Task::get_job_tasks]::[INFO]: Begin
[2019-02-01 9:50:57.885799] [WPBackItUp_Job_Task::try_allocate_task]::[INFO]: Begin
[2019-02-01 9:50:57.942883] [WPBackItUp_Job_Task::setStatus]::[INFO]: Begin
[2019-02-01 9:50:57.943017] [WPBackItUp_Job_Task::save]::[INFO]: Begin
[2019-02-01 9:50:57.948733] [WPBackItUp_Job_Task::try_allocate_task]::[INFO]: End - Task allocated
[2019-02-01 9:50:57.955807] [WPBackItUp_Job_Task::increment_retry_count]::[INFO]: Begin
[2019-02-01 9:50:57.955848] [WPBackItUp_Job_Task::save]::[INFO]: Begin
[2019-02-01 9:51:06.369878] [WPBackItUp_Job_Task::get_job_tasks]::[INFO]: Begin
[2019-02-01 9:51:07.488935] [WPBackItUp_Job_Task::setStatus]::[INFO]: Begin
[2019-02-01 9:51:07.489339] [WPBackItUp_Job_Task::save]::[INFO]: Begin
[2019-02-01 9:51:07.736468] [WPBackItUp_Job_Task::get_job_tasks]::[INFO]: Begin
[2019-02-01 9:51:07.761425] [WPBackItUp_Job_Task::try_allocate_task]::[INFO]: Begin
[2019-02-01 9:51:07.816627] [WPBackItUp_Job_Task::setStatus]::[INFO]: Begin
[2019-02-01 9:51:07.818187] [WPBackItUp_Job_Task::save]::[INFO]: Begin
[2019-02-01 9:51:07.919969] [WPBackItUp_Job_Task::try_allocate_task]::[INFO]: End - Task allocated
[2019-02-01 9:51:07.963270] [WPBackItUp_Job_Task::increment_retry_count]::[INFO]: Begin
[2019-02-01 9:51:07.963323] [WPBackItUp_Job_Task::save]::[INFO]: Begin
[2019-02-01 9:51:15.331218] [WPBackItUp_Job_Task::get_job_tasks]::[INFO]: Begin
[2019-02-01 9:51:16.533390] [WPBackItUp_Job_Task::get_job_tasks]::[INFO]: Begin
[2019-02-01 9:51:21.001461] [WPBackItUp_Job_Task::get_job_tasks]::[INFO]: Begin
[2019-02-01 9:51:21.034184] [WPBackItUp_Job_Task::get_job_tasks]::[INFO]: Begin
[2019-02-01 9:51:21.757302] [WPBackItUp_Job_Task::setStatus]::[INFO]: Begin
[2019-02-01 9:51:21.757415] [WPBackItUp_Job_Task::save]::[INFO]: Begin
[2019-02-01 9:51:24.919411] [WPBackItUp_Job_Task::get_job_tasks]::[INFO]: Begin
[2019-02-01 9:51:24.924298] [WPBackItUp_Job_Task::try_allocate_task]::[INFO]: Begin
[2019-02-01 9:51:24.930727] [WPBackItUp_Job_Task::setStatus]::[INFO]: Begin
[2019-02-01 9:51:24.930912] [WPBackItUp_Job_Task::save]::[INFO]: Begin
[2019-02-01 9:51:24.935393] [WPBackItUp_Job_Task::try_allocate_task]::[INFO]: End - Task allocated
[2019-02-01 9:51:24.937165] [WPBackItUp_Job_Task::increment_retry_count]::[INFO]: Begin
[2019-02-01 9:51:24.937227] [WPBackItUp_Job_Task::save]::[INFO]: Begin
[2019-02-01 9:51:28.267174] [WPBackItUp_Job_Task::setStatus]::[INFO]: Begin
[2019-02-01 9:51:28.267366] [WPBackItUp_Job_Task::save]::[INFO]: Begin
[2019-02-01 9:51:29.027103] [WPBackItUp_Job_Task::get_job_tasks]::[INFO]: Begin
[2019-02-01 9:51:29.028712] [WPBackItUp_Job_Task::try_allocate_task]::[INFO]: Begin
[2019-02-01 9:51:29.071185] [WPBackItUp_Job_Task::setStatus]::[INFO]: Begin
[2019-02-01 9:51:29.109261] [WPBackItUp_Job_Task::save]::[INFO]: Begin
[2019-02-01 9:51:29.112104] [WPBackItUp_Job_Task::try_allocate_task]::[INFO]: End - Task allocated
[2019-02-01 9:51:29.113809] [WPBackItUp_Job_Task::increment_retry_count]::[INFO]: Begin
[2019-02-01 9:51:29.113864] [WPBackItUp_Job_Task::save]::[INFO]: Begin
[2019-02-01 9:51:32.241539] [WPBackItUp_Job_Task::setStatus]::[INFO]: Begin
[2019-02-01 9:51:32.241705] [WPBackItUp_Job_Task::save]::[INFO]: Begin
[2019-02-01 9:51:35.918298] [WPBackItUp_Job_Task::get_job_tasks]::[INFO]: Begin
[2019-02-01 9:51:35.934146] [WPBackItUp_Job_Task::try_allocate_task]::[INFO]: Begin
[2019-02-01 9:51:35.955029] [WPBackItUp_Job_Task::setStatus]::[INFO]: Begin
[2019-02-01 9:51:35.974904] [WPBackItUp_Job_Task::save]::[INFO]: Begin
[2019-02-01 9:51:35.978939] [WPBackItUp_Job_Task::try_allocate_task]::[INFO]: End - Task allocated
[2019-02-01 9:51:36.032371] [WPBackItUp_Job_Task::increment_retry_count]::[INFO]: Begin
[2019-02-01 9:51:36.032427] [WPBackItUp_Job_Task::save]::[INFO]: Begin
[2019-02-01 9:51:39.504511] [WPBackItUp_Job_Task::get_job_tasks]::[INFO]: Begin
[2019-02-01 9:51:43.929635] [WPBackItUp_Job_Task::get_job_tasks]::[INFO]: Begin
[2019-02-01 9:51:45.224863] [WPBackItUp_Job_Task::get_job_tasks]::[INFO]: Begin
[2019-02-01 9:51:49.239763] [WPBackItUp_Job_Task::get_job_tasks]::[INFO]: Begin
[2019-02-01 9:51:49.629623] [WPBackItUp_Job_Task::get_job_tasks]::[INFO]: Begin
[2019-02-01 9:51:49.690979] [WPBackItUp_Job_Task::setStatus]::[INFO]: Begin
[2019-02-01 9:51:49.691137] [WPBackItUp_Job_Task::save]::[INFO]: Begin
[2019-02-01 9:51:53.352699] [WPBackItUp_Job_Task::get_job_tasks]::[INFO]: Begin
[2019-02-01 9:51:53.376555] [WPBackItUp_Job_Task::try_allocate_task]::[INFO]: Begin
[2019-02-01 9:51:53.396064] [WPBackItUp_Job_Task::setStatus]::[INFO]: Begin
[2019-02-01 9:51:53.396661] [WPBackItUp_Job_Task::save]::[INFO]: Begin
[2019-02-01 9:51:53.426541] [WPBackItUp_Job_Task::try_allocate_task]::[INFO]: End - Task allocated
[2019-02-01 9:51:53.439079] [WPBackItUp_Job_Task::increment_retry_count]::[INFO]: Begin
[2019-02-01 9:51:53.439153] [WPBackItUp_Job_Task::save]::[INFO]: Begin
[2019-02-01 9:51:59.496697] [WPBackItUp_Job_Task::setStatus]::[INFO]: Begin
[2019-02-01 9:51:59.496846] [WPBackItUp_Job_Task::save]::[INFO]: Begin
[2019-02-01 9:52:01.449647] [WPBackItUp_Job_Task::get_job_tasks]::[INFO]: Begin
[2019-02-01 9:52:01.481656] [WPBackItUp_Job_Task::try_allocate_task]::[INFO]: Begin
[2019-02-01 9:52:01.656539] [WPBackItUp_Job_Task::setStatus]::[INFO]: Begin
[2019-02-01 9:52:01.656702] [WPBackItUp_Job_Task::save]::[INFO]: Begin
[2019-02-01 9:52:01.778546] [WPBackItUp_Job_Task::try_allocate_task]::[INFO]: End - Task allocated
[2019-02-01 9:52:01.811188] [WPBackItUp_Job_Task::increment_retry_count]::[INFO]: Begin
[2019-02-01 9:52:01.811239] [WPBackItUp_Job_Task::save]::[INFO]: Begin
[2019-02-01 9:52:07.112592] [WPBackItUp_Job_Task::get_job_tasks]::[INFO]: Begin
[2019-02-01 9:52:08.439609] [WPBackItUp_Job_Task::get_job_tasks]::[INFO]: Begin
[2019-02-01 9:52:11.029133] [WPBackItUp_Job_Task::get_job_tasks]::[INFO]: Begin
[2019-02-01 9:52:11.118344] [WPBackItUp_Job_Task::setStatus]::[INFO]: Begin
[2019-02-01 9:52:11.118558] [WPBackItUp_Job_Task::save]::[INFO]: Begin
[2019-02-01 9:52:11.661932] [WPBackItUp_Job_Task::get_job_tasks]::[INFO]: Begin
[2019-02-01 9:52:11.673867] [WPBackItUp_Job_Task::try_allocate_task]::[INFO]: Begin
[2019-02-01 9:52:11.721087] [WPBackItUp_Job_Task::setStatus]::[INFO]: Begin
[2019-02-01 9:52:11.721270] [WPBackItUp_Job_Task::save]::[INFO]: Begin
[2019-02-01 9:52:11.724750] [WPBackItUp_Job_Task::try_allocate_task]::[INFO]: End - Task allocated
[2019-02-01 9:52:11.737091] [WPBackItUp_Job_Task::increment_retry_count]::[INFO]: Begin
[2019-02-01 9:52:11.737212] [WPBackItUp_Job_Task::save]::[INFO]: Begin
[2019-02-01 9:52:21.046698] [WPBackItUp_Job_Task::get_job_tasks]::[INFO]: Begin
[2019-02-01 9:52:21.421849] [WPBackItUp_Job_Task::setStatus]::[INFO]: Begin
[2019-02-01 9:52:21.422039] [WPBackItUp_Job_Task::save]::[INFO]: Begin
[2019-02-01 9:52:21.686682] [WPBackItUp_Job_Task::get_job_tasks]::[INFO]: Begin
[2019-02-01 9:52:21.689795] [WPBackItUp_Job_Task::try_allocate_task]::[INFO]: Begin
[2019-02-01 9:52:21.701977] [WPBackItUp_Job_Task::setStatus]::[INFO]: Begin
[2019-02-01 9:52:21.702169] [WPBackItUp_Job_Task::save]::[INFO]: Begin
[2019-02-01 9:52:21.803216] [WPBackItUp_Job_Task::try_allocate_task]::[INFO]: End - Task allocated
[2019-02-01 9:52:21.811280] [WPBackItUp_Job_Task::increment_retry_count]::[INFO]: Begin
[2019-02-01 9:52:21.811331] [WPBackItUp_Job_Task::save]::[INFO]: Begin
[2019-02-01 9:52:29.172029] [WPBackItUp_Job_Task::get_job_tasks]::[INFO]: Begin
[2019-02-01 9:52:29.438143] [WPBackItUp_Job_Task::get_job_tasks]::[INFO]: Begin
[2019-02-01 9:52:29.459045] [WPBackItUp_Job_Task::setStatus]::[INFO]: Begin
[2019-02-01 9:52:29.459193] [WPBackItUp_Job_Task::save]::[INFO]: Begin
[2019-02-01 9:52:32.015028] [WPBackItUp_Job_Task::get_job_tasks]::[INFO]: Begin
[2019-02-01 9:52:32.016391] [WPBackItUp_Job_Task::try_allocate_task]::[INFO]: Begin
[2019-02-01 9:52:32.018976] [WPBackItUp_Job_Task::setStatus]::[INFO]: Begin
[2019-02-01 9:52:32.019179] [WPBackItUp_Job_Task::save]::[INFO]: Begin
[2019-02-01 9:52:32.023202] [WPBackItUp_Job_Task::try_allocate_task]::[INFO]: End - Task allocated
[2019-02-01 9:52:32.026390] [WPBackItUp_Job_Task::increment_retry_count]::[INFO]: Begin
[2019-02-01 9:52:32.026441] [WPBackItUp_Job_Task::save]::[INFO]: Begin
[2019-02-01 9:52:39.888828] [WPBackItUp_Job_Task::get_job_tasks]::[INFO]: Begin
[2019-02-01 9:52:39.911444] [WPBackItUp_Job_Task::get_job_tasks]::[INFO]: Begin
[2019-02-01 9:52:40.509126] [WPBackItUp_Job_Task::setStatus]::[INFO]: Begin
[2019-02-01 9:52:40.509377] [WPBackItUp_Job_Task::save]::[INFO]: Begin
[2019-02-01 9:52:43.679157] [WPBackItUp_Job_Task::get_job_tasks]::[INFO]: Begin
[2019-02-01 9:52:43.689492] [WPBackItUp_Job_Task::try_allocate_task]::[INFO]: Begin
[2019-02-01 9:52:43.699251] [WPBackItUp_Job_Task::setStatus]::[INFO]: Begin
[2019-02-01 9:52:43.699428] [WPBackItUp_Job_Task::save]::[INFO]: Begin
[2019-02-01 9:52:43.723169] [WPBackItUp_Job_Task::try_allocate_task]::[INFO]: End - Task allocated
[2019-02-01 9:52:43.737148] [WPBackItUp_Job_Task::increment_retry_count]::[INFO]: Begin
[2019-02-01 9:52:43.737200] [WPBackItUp_Job_Task::save]::[INFO]: Begin
[2019-02-01 9:52:49.635494] [WPBackItUp_Job_Task::get_job_tasks]::[INFO]: Begin
[2019-02-01 9:52:49.755089] [WPBackItUp_Job_Task::setStatus]::[INFO]: Begin
[2019-02-01 9:52:49.755259] [WPBackItUp_Job_Task::save]::[INFO]: Begin
[2019-02-01 9:52:51.479429] [WPBackItUp_Job_Task::get_job_tasks]::[INFO]: Begin
[2019-02-01 9:52:51.498964] [WPBackItUp_Job_Task::try_allocate_task]::[INFO]: Begin
[2019-02-01 9:52:51.746699] [WPBackItUp_Job_Task::setStatus]::[INFO]: Begin
[2019-02-01 9:52:51.746983] [WPBackItUp_Job_Task::save]::[INFO]: Begin
[2019-02-01 9:52:51.765551] [WPBackItUp_Job_Task::try_allocate_task]::[INFO]: End - Task allocated
[2019-02-01 9:52:52.071346] [WPBackItUp_Job_Task::increment_retry_count]::[INFO]: Begin
[2019-02-01 9:52:52.071403] [WPBackItUp_Job_Task::save]::[INFO]: Begin
[2019-02-01 9:52:53.919811] [WPBackItUp_Job_Task::setStatus]::[INFO]: Begin
[2019-02-01 9:52:53.919977] [WPBackItUp_Job_Task::save]::[INFO]: Begin
[2019-02-01 9:52:54.527491] [WPBackItUp_Job_Task::get_job_tasks]::[INFO]: Begin
[2019-02-01 9:52:54.541358] [WPBackItUp_Job_Task::try_allocate_task]::[INFO]: Begin
[2019-02-01 9:52:54.578222] [WPBackItUp_Job_Task::setStatus]::[INFO]: Begin
[2019-02-01 9:52:54.578365] [WPBackItUp_Job_Task::save]::[INFO]: Begin
[2019-02-01 9:52:54.591914] [WPBackItUp_Job_Task::try_allocate_task]::[INFO]: End - Task allocated
[2019-02-01 9:52:54.594120] [WPBackItUp_Job_Task::increment_retry_count]::[INFO]: Begin
[2019-02-01 9:52:54.594175] [WPBackItUp_Job_Task::save]::[INFO]: Begin
[2019-02-01 9:52:55.118371] [WPBackItUp_Job_Task::setStatus]::[INFO]: Begin
[2019-02-01 9:52:55.118541] [WPBackItUp_Job_Task::save]::[INFO]: Begin
[2019-02-01 9:52:59.511924] [WPBackItUp_Job_Task::get_job_tasks]::[INFO]: Begin
[2019-02-01 9:52:59.558228] [WPBackItUp_Job_Task::try_allocate_task]::[INFO]: Begin
[2019-02-01 9:52:59.618809] [WPBackItUp_Job_Task::setStatus]::[INFO]: Begin
[2019-02-01 9:52:59.618958] [WPBackItUp_Job_Task::save]::[INFO]: Begin
[2019-02-01 9:52:59.871953] [WPBackItUp_Job_Task::try_allocate_task]::[INFO]: End - Task allocated
[2019-02-01 9:52:59.955315] [WPBackItUp_Job_Task::increment_retry_count]::[INFO]: Begin
[2019-02-01 9:52:59.955382] [WPBackItUp_Job_Task::save]::[INFO]: Begin
[2019-02-01 9:53:00.528831] [WPBackItUp_Job_Task::setStatus]::[INFO]: Begin
[2019-02-01 9:53:00.528975] [WPBackItUp_Job_Task::save]::[INFO]: Begin
[2019-02-01 9:53:03.806637] [WPBackItUp_Job_Task::get_job_tasks]::[INFO]: Begin
[2019-02-01 9:53:03.851763] [WPBackItUp_Job_Task::try_allocate_task]::[INFO]: Begin
[2019-02-01 9:53:03.867604] [WPBackItUp_Job_Task::setStatus]::[INFO]: Begin
[2019-02-01 9:53:03.867847] [WPBackItUp_Job_Task::save]::[INFO]: Begin
[2019-02-01 9:53:03.884238] [WPBackItUp_Job_Task::try_allocate_task]::[INFO]: End - Task allocated
[2019-02-01 9:53:03.889487] [WPBackItUp_Job_Task::increment_retry_count]::[INFO]: Begin
[2019-02-01 9:53:03.889547] [WPBackItUp_Job_Task::save]::[INFO]: Begin
[2019-02-01 9:53:04.674648] [WPBackItUp_Job_Task::setStatus]::[INFO]: Begin
[2019-02-01 9:53:04.675252] [WPBackItUp_Job_Task::save]::[INFO]: Begin
[2019-02-01 9:53:09.558228] [WPBackItUp_Job_Task::get_job_tasks]::[INFO]: Begin
[2019-02-01 9:53:09.697277] [WPBackItUp_Job_Task::try_allocate_task]::[INFO]: Begin
[2019-02-01 9:53:09.798656] [WPBackItUp_Job_Task::setStatus]::[INFO]: Begin
[2019-02-01 9:53:09.798783] [WPBackItUp_Job_Task::save]::[INFO]: Begin
[2019-02-01 9:53:10.018579] [WPBackItUp_Job_Task::try_allocate_task]::[INFO]: End - Task allocated
[2019-02-01 9:53:10.209613] [WPBackItUp_Job_Task::increment_retry_count]::[INFO]: Begin
[2019-02-01 9:53:10.209667] [WPBackItUp_Job_Task::save]::[INFO]: Begin
[2019-02-01 9:53:12.561019] [WPBackItUp_Job_Task::setStatus]::[INFO]: Begin
[2019-02-01 9:53:12.561161] [WPBackItUp_Job_Task::save]::[INFO]: Begin
[2019-02-01 9:53:14.361886] [WPBackItUp_Job_Task::get_job_tasks]::[INFO]: Begin
[2019-02-01 9:53:14.375297] [WPBackItUp_Job_Task::try_allocate_task]::[INFO]: Begin
[2019-02-01 9:53:14.395118] [WPBackItUp_Job_Task::setStatus]::[INFO]: Begin
[2019-02-01 9:53:14.395232] [WPBackItUp_Job_Task::save]::[INFO]: Begin
[2019-02-01 9:53:14.406375] [WPBackItUp_Job_Task::try_allocate_task]::[INFO]: End - Task allocated
[2019-02-01 9:53:14.414247] [WPBackItUp_Job_Task::increment_retry_count]::[INFO]: Begin
[2019-02-01 9:53:14.414294] [WPBackItUp_Job_Task::save]::[INFO]: Begin
[2019-02-01 9:53:14.773264] [WPBackItUp_Job_Task::setStatus]::[INFO]: Begin
[2019-02-01 9:53:14.773427] [WPBackItUp_Job_Task::save]::[INFO]: Begin
[2019-02-01 9:53:15.525573] [WPBackItUp_Job_Task::get_job_tasks]::[INFO]: Begin
[2019-02-01 9:53:15.570724] [WPBackItUp_Job_Task::try_allocate_task]::[INFO]: Begin
[2019-02-01 9:53:15.620141] [WPBackItUp_Job_Task::setStatus]::[INFO]: Begin
[2019-02-01 9:53:15.620265] [WPBackItUp_Job_Task::save]::[INFO]: Begin
[2019-02-01 9:53:15.634216] [WPBackItUp_Job_Task::try_allocate_task]::[INFO]: End - Task allocated
[2019-02-01 9:53:15.636070] [WPBackItUp_Job_Task::increment_retry_count]::[INFO]: Begin
[2019-02-01 9:53:15.636115] [WPBackItUp_Job_Task::save]::[INFO]: Begin
[2019-02-01 9:53:15.781300] [WPBackItUp_Job_Task::setStatus]::[INFO]: Begin
[2019-02-01 9:53:15.781435] [WPBackItUp_Job_Task::save]::[INFO]: Begin
[2019-02-01 9:53:19.197182] [WPBackItUp_Job_Task::get_job_tasks]::[INFO]: Begin
[2019-02-01 9:53:19.205440] [WPBackItUp_Job_Task::try_allocate_task]::[INFO]: Begin
[2019-02-01 9:53:19.222835] [WPBackItUp_Job_Task::setStatus]::[INFO]: Begin
[2019-02-01 9:53:19.222995] [WPBackItUp_Job_Task::save]::[INFO]: Begin
[2019-02-01 9:53:19.323626] [WPBackItUp_Job_Task::try_allocate_task]::[INFO]: End - Task allocated
[2019-02-01 9:53:19.334789] [WPBackItUp_Job_Task::increment_retry_count]::[INFO]: Begin
[2019-02-01 9:53:19.334853] [WPBackItUp_Job_Task::save]::[INFO]: Begin
[2019-02-01 9:53:19.738761] [WPBackItUp_Job_Task::setStatus]::[INFO]: Begin
[2019-02-01 9:53:19.738904] [WPBackItUp_Job_Task::save]::[INFO]: Begin
[2019-02-01 9:53:22.392937] [WPBackItUp_Job_Task::get_job_tasks]::[INFO]: Begin
[2019-02-01 9:53:22.411220] [WPBackItUp_Job_Task::try_allocate_task]::[INFO]: Begin
[2019-02-01 9:53:22.417476] [WPBackItUp_Job_Task::setStatus]::[INFO]: Begin
[2019-02-01 9:53:22.417830] [WPBackItUp_Job_Task::save]::[INFO]: Begin
[2019-02-01 9:53:22.437210] [WPBackItUp_Job_Task::try_allocate_task]::[INFO]: End - Task allocated
[2019-02-01 9:53:22.438949] [WPBackItUp_Job_Task::increment_retry_count]::[INFO]: Begin
[2019-02-01 9:53:22.439011] [WPBackItUp_Job_Task::save]::[INFO]: Begin
[2019-02-01 9:53:22.951483] [WPBackItUp_Job_Task::setStatus]::[INFO]: Begin
[2019-02-01 9:53:22.951637] [WPBackItUp_Job_Task::save]::[INFO]: Begin
[2019-02-01 9:53:24.170852] [WPBackItUp_Job_Task::get_job_tasks]::[INFO]: Begin
[2019-02-01 9:53:24.182008] [WPBackItUp_Job_Task::try_allocate_task]::[INFO]: Begin
[2019-02-01 9:53:24.194370] [WPBackItUp_Job_Task::setStatus]::[INFO]: Begin
[2019-02-01 9:53:24.194536] [WPBackItUp_Job_Task::save]::[INFO]: Begin
[2019-02-01 9:53:24.229453] [WPBackItUp_Job_Task::try_allocate_task]::[INFO]: End - Task allocated
[2019-02-01 9:53:24.231326] [WPBackItUp_Job_Task::increment_retry_count]::[INFO]: Begin
[2019-02-01 9:53:24.231405] [WPBackItUp_Job_Task::save]::[INFO]: Begin
[2019-02-01 9:53:24.994890] [WPBackItUp_Job_Task::setStatus]::[INFO]: Begin
[2019-02-01 9:53:24.995608] [WPBackItUp_Job_Task::save]::[INFO]: Begin
[2019-02-01 9:53:25.897357] [WPBackItUp_Job_Task::get_job_tasks]::[INFO]: Begin
[2019-02-01 9:53:25.898942] [WPBackItUp_Job_Task::try_allocate_task]::[INFO]: Begin
[2019-02-01 9:53:25.904089] [WPBackItUp_Job_Task::setStatus]::[INFO]: Begin
[2019-02-01 9:53:25.904247] [WPBackItUp_Job_Task::save]::[INFO]: Begin
[2019-02-01 9:53:25.907566] [WPBackItUp_Job_Task::try_allocate_task]::[INFO]: End - Task allocated
[2019-02-01 9:53:25.909821] [WPBackItUp_Job_Task::increment_retry_count]::[INFO]: Begin
[2019-02-01 9:53:25.909883] [WPBackItUp_Job_Task::save]::[INFO]: Begin
[2019-02-01 9:53:26.510415] [WPBackItUp_Job_Task::setStatus]::[INFO]: Begin
[2019-02-01 9:53:26.510533] [WPBackItUp_Job_Task::save]::[INFO]: Begin
[2019-02-01 9:53:29.170488] [WPBackItUp_Job_Task::get_job_tasks]::[INFO]: Begin
[2019-02-01 9:53:29.180833] [WPBackItUp_Job_Task::try_allocate_task]::[INFO]: Begin
[2019-02-01 9:53:29.184797] [WPBackItUp_Job_Task::setStatus]::[INFO]: Begin
[2019-02-01 9:53:29.184979] [WPBackItUp_Job_Task::save]::[INFO]: Begin
[2019-02-01 9:53:29.210024] [WPBackItUp_Job_Task::try_allocate_task]::[INFO]: End - Task allocated
[2019-02-01 9:53:29.217442] [WPBackItUp_Job_Task::increment_retry_count]::[INFO]: Begin
[2019-02-01 9:53:29.217504] [WPBackItUp_Job_Task::save]::[INFO]: Begin
[2019-02-01 9:53:29.732214] [WPBackItUp_Job_Task::setStatus]::[INFO]: Begin
[2019-02-01 9:53:29.735070] [WPBackItUp_Job_Task::save]::[INFO]: Begin
[2019-02-01 9:53:29.944595] [WPBackItUp_Job_Task::get_job_tasks]::[INFO]: Begin
[2019-02-01 9:53:29.953295] [WPBackItUp_Job_Task::try_allocate_task]::[INFO]: Begin
[2019-02-01 9:53:30.000823] [WPBackItUp_Job_Task::setStatus]::[INFO]: Begin
[2019-02-01 9:53:30.001005] [WPBackItUp_Job_Task::save]::[INFO]: Begin
[2019-02-01 9:53:30.004246] [WPBackItUp_Job_Task::try_allocate_task]::[INFO]: End - Task allocated
[2019-02-01 9:53:30.015348] [WPBackItUp_Job_Task::increment_retry_count]::[INFO]: Begin
[2019-02-01 9:53:30.015422] [WPBackItUp_Job_Task::save]::[INFO]: Begin
[2019-02-01 9:53:30.681662] [WPBackItUp_Job_Task::setStatus]::[INFO]: Begin
[2019-02-01 9:53:30.681842] [WPBackItUp_Job_Task::save]::[INFO]: Begin
[2019-02-01 9:53:33.439030] [WPBackItUp_Job_Task::get_job_tasks]::[INFO]: Begin
[2019-02-01 9:53:33.441256] [WPBackItUp_Job_Task::try_allocate_task]::[INFO]: Begin
[2019-02-01 9:53:33.451358] [WPBackItUp_Job_Task::setStatus]::[INFO]: Begin
[2019-02-01 9:53:33.451551] [WPBackItUp_Job_Task::save]::[INFO]: Begin
[2019-02-01 9:53:33.466470] [WPBackItUp_Job_Task::try_allocate_task]::[INFO]: End - Task allocated
[2019-02-01 9:53:33.469871] [WPBackItUp_Job_Task::increment_retry_count]::[INFO]: Begin
[2019-02-01 9:53:33.469960] [WPBackItUp_Job_Task::save]::[INFO]: Begin
[2019-02-01 9:53:34.020361] [WPBackItUp_Job_Task::setStatus]::[INFO]: Begin
[2019-02-01 9:53:34.020528] [WPBackItUp_Job_Task::save]::[INFO]: Begin
[2019-02-01 9:53:34.586152] [WPBackItUp_Job_Task::get_job_tasks]::[INFO]: Begin
[2019-02-01 9:53:34.596045] [WPBackItUp_Job_Task::try_allocate_task]::[INFO]: Begin
[2019-02-01 9:53:34.606306] [WPBackItUp_Job_Task::setStatus]::[INFO]: Begin
[2019-02-01 9:53:34.606456] [WPBackItUp_Job_Task::save]::[INFO]: Begin
[2019-02-01 9:53:34.632098] [WPBackItUp_Job_Task::try_allocate_task]::[INFO]: End - Task allocated
[2019-02-01 9:53:34.634143] [WPBackItUp_Job_Task::increment_retry_count]::[INFO]: Begin
[2019-02-01 9:53:34.634198] [WPBackItUp_Job_Task::save]::[INFO]: Begin
[2019-02-01 9:53:36.054792] [WPBackItUp_Job_Task::setStatus]::[INFO]: Begin
[2019-02-01 9:53:36.087918] [WPBackItUp_Job_Task::save]::[INFO]: Begin
[2019-02-01 9:53:37.526648] [WPBackItUp_Job_Task::get_job_tasks]::[INFO]: Begin
[2019-02-01 9:53:37.530210] [WPBackItUp_Job_Task::try_allocate_task]::[INFO]: Begin
[2019-02-01 9:53:37.658274] [WPBackItUp_Job_Task::setStatus]::[INFO]: Begin
[2019-02-01 9:53:37.658440] [WPBackItUp_Job_Task::save]::[INFO]: Begin
[2019-02-01 9:53:37.742307] [WPBackItUp_Job_Task::try_allocate_task]::[INFO]: End - Task allocated
[2019-02-01 9:53:37.747174] [WPBackItUp_Job_Task::increment_retry_count]::[INFO]: Begin
[2019-02-01 9:53:37.747241] [WPBackItUp_Job_Task::save]::[INFO]: Begin
[2019-02-01 9:53:38.095633] [WPBackItUp_Job_Task::setStatus]::[INFO]: Begin
[2019-02-01 9:53:38.095823] [WPBackItUp_Job_Task::save]::[INFO]: Begin
[2019-02-01 9:53:39.275286] [WPBackItUp_Job_Task::get_job_tasks]::[INFO]: Begin
[2019-02-01 9:53:39.277297] [WPBackItUp_Job_Task::try_allocate_task]::[INFO]: Begin
[2019-02-01 9:53:39.283463] [WPBackItUp_Job_Task::setStatus]::[INFO]: Begin
[2019-02-01 9:53:39.283725] [WPBackItUp_Job_Task::save]::[INFO]: Begin
[2019-02-01 9:53:39.506038] [WPBackItUp_Job_Task::try_allocate_task]::[INFO]: End - Task allocated
[2019-02-01 9:53:39.539153] [WPBackItUp_Job_Task::increment_retry_count]::[INFO]: Begin
[2019-02-01 9:53:39.539215] [WPBackItUp_Job_Task::save]::[INFO]: Begin
[2019-02-01 9:53:39.947992] [WPBackItUp_Job_Task::setStatus]::[INFO]: Begin
[2019-02-01 9:53:39.948168] [WPBackItUp_Job_Task::save]::[INFO]: Begin
[2019-02-01 9:53:41.239712] [WPBackItUp_Job_Task::get_job_tasks]::[INFO]: Begin
[2019-02-01 9:53:41.262881] [WPBackItUp_Job_Task::try_allocate_task]::[INFO]: Begin
[2019-02-01 9:53:41.269082] [WPBackItUp_Job_Task::setStatus]::[INFO]: Begin
[2019-02-01 9:53:41.269279] [WPBackItUp_Job_Task::save]::[INFO]: Begin
[2019-02-01 9:53:41.272258] [WPBackItUp_Job_Task::try_allocate_task]::[INFO]: End - Task allocated
[2019-02-01 9:53:41.282834] [WPBackItUp_Job_Task::increment_retry_count]::[INFO]: Begin
[2019-02-01 9:53:41.282875] [WPBackItUp_Job_Task::save]::[INFO]: Begin
[2019-02-01 9:53:42.120795] [WPBackItUp_Job_Task::setStatus]::[INFO]: Begin
[2019-02-01 9:53:42.120939] [WPBackItUp_Job_Task::save]::[INFO]: Begin
[2019-02-01 9:53:45.027192] [WPBackItUp_Job_Task::get_job_tasks]::[INFO]: Begin
[2019-02-01 9:53:45.031966] [WPBackItUp_Job_Task::try_allocate_task]::[INFO]: Begin
[2019-02-01 9:53:45.036171] [WPBackItUp_Job_Task::setStatus]::[INFO]: Begin
[2019-02-01 9:53:45.036746] [WPBackItUp_Job_Task::save]::[INFO]: Begin
[2019-02-01 9:53:45.047300] [WPBackItUp_Job_Task::try_allocate_task]::[INFO]: End - Task allocated
[2019-02-01 9:53:45.062027] [WPBackItUp_Job_Task::increment_retry_count]::[INFO]: Begin
[2019-02-01 9:53:45.062071] [WPBackItUp_Job_Task::save]::[INFO]: Begin
[2019-02-01 9:53:45.910655] [WPBackItUp_Job_Task::setStatus]::[INFO]: Begin
[2019-02-01 9:53:45.910811] [WPBackItUp_Job_Task::save]::[INFO]: Begin
[2019-02-01 9:53:48.527328] [WPBackItUp_Job_Task::get_job_tasks]::[INFO]: Begin
[2019-02-01 9:53:48.591233] [WPBackItUp_Job_Task::try_allocate_task]::[INFO]: Begin
[2019-02-01 9:53:48.615583] [WPBackItUp_Job_Task::setStatus]::[INFO]: Begin
[2019-02-01 9:53:48.615719] [WPBackItUp_Job_Task::save]::[INFO]: Begin
[2019-02-01 9:53:48.632610] [WPBackItUp_Job_Task::try_allocate_task]::[INFO]: End - Task allocated
[2019-02-01 9:53:48.660007] [WPBackItUp_Job_Task::increment_retry_count]::[INFO]: Begin
[2019-02-01 9:53:48.660056] [WPBackItUp_Job_Task::save]::[INFO]: Begin
[2019-02-01 9:53:49.497463] [WPBackItUp_Job_Task::setStatus]::[INFO]: Begin
[2019-02-01 9:53:49.497591] [WPBackItUp_Job_Task::save]::[INFO]: Begin
[2019-02-01 9:53:49.690563] [WPBackItUp_Job_Task::get_job_tasks]::[INFO]: Begin
[2019-02-01 9:53:49.719712] [WPBackItUp_Job_Task::try_allocate_task]::[INFO]: Begin
[2019-02-01 9:53:49.744079] [WPBackItUp_Job_Task::setStatus]::[INFO]: Begin
[2019-02-01 9:53:49.744236] [WPBackItUp_Job_Task::save]::[INFO]: Begin
[2019-02-01 9:53:49.764961] [WPBackItUp_Job_Task::try_allocate_task]::[INFO]: End - Task allocated
[2019-02-01 9:53:49.767193] [WPBackItUp_Job_Task::increment_retry_count]::[INFO]: Begin
[2019-02-01 9:53:49.767256] [WPBackItUp_Job_Task::save]::[INFO]: Begin
[2019-02-01 9:53:51.032675] [WPBackItUp_Job_Task::setStatus]::[INFO]: Begin
[2019-02-01 9:53:51.032843] [WPBackItUp_Job_Task::save]::[INFO]: Begin
[2019-02-01 9:53:54.680758] [WPBackItUp_Job_Task::get_job_tasks]::[INFO]: Begin
[2019-02-01 9:53:54.705425] [WPBackItUp_Job_Task::try_allocate_task]::[INFO]: Begin
[2019-02-01 9:53:54.710778] [WPBackItUp_Job_Task::setStatus]::[INFO]: Begin
[2019-02-01 9:53:54.711026] [WPBackItUp_Job_Task::save]::[INFO]: Begin
[2019-02-01 9:53:54.715635] [WPBackItUp_Job_Task::try_allocate_task]::[INFO]: End - Task allocated
[2019-02-01 9:53:54.720022] [WPBackItUp_Job_Task::increment_retry_count]::[INFO]: Begin
[2019-02-01 9:53:54.720071] [WPBackItUp_Job_Task::save]::[INFO]: Begin
[2019-02-01 9:53:57.251873] [WPBackItUp_Job_Task::setStatus]::[INFO]: Begin
[2019-02-01 9:53:57.252032] [WPBackItUp_Job_Task::save]::[INFO]: Begin
[2019-02-01 9:54:00.358444] [WPBackItUp_Job_Task::get_job_tasks]::[INFO]: Begin
[2019-02-01 9:54:00.376027] [WPBackItUp_Job_Task::try_allocate_task]::[INFO]: Begin
[2019-02-01 9:54:00.428536] [WPBackItUp_Job_Task::setStatus]::[INFO]: Begin
[2019-02-01 9:54:00.428697] [WPBackItUp_Job_Task::save]::[INFO]: Begin
[2019-02-01 9:54:00.524265] [WPBackItUp_Job_Task::try_allocate_task]::[INFO]: End - Task allocated
[2019-02-01 9:54:00.529028] [WPBackItUp_Job_Task::increment_retry_count]::[INFO]: Begin
[2019-02-01 9:54:00.529093] [WPBackItUp_Job_Task::save]::[INFO]: Begin
[2019-02-01 9:54:01.732563] [WPBackItUp_Job_Task::setStatus]::[INFO]: Begin
[2019-02-01 9:54:01.732731] [WPBackItUp_Job_Task::save]::[INFO]: Begin
[2019-02-01 9:54:02.951080] [WPBackItUp_Job_Task::get_job_tasks]::[INFO]: Begin
[2019-02-01 9:54:02.965722] [WPBackItUp_Job_Task::try_allocate_task]::[INFO]: Begin
[2019-02-01 9:54:02.967972] [WPBackItUp_Job_Task::setStatus]::[INFO]: Begin
[2019-02-01 9:54:02.968084] [WPBackItUp_Job_Task::save]::[INFO]: Begin
[2019-02-01 9:54:02.976037] [WPBackItUp_Job_Task::try_allocate_task]::[INFO]: End - Task allocated
[2019-02-01 9:54:02.977443] [WPBackItUp_Job_Task::increment_retry_count]::[INFO]: Begin
[2019-02-01 9:54:02.977493] [WPBackItUp_Job_Task::save]::[INFO]: Begin
[2019-02-01 9:54:04.449003] [WPBackItUp_Job_Task::setStatus]::[INFO]: Begin
[2019-02-01 9:54:04.449404] [WPBackItUp_Job_Task::save]::[INFO]: Begin
[2019-02-01 9:54:05.170958] [WPBackItUp_Job_Task::get_job_tasks]::[INFO]: Begin
[2019-02-01 9:54:05.174340] [WPBackItUp_Job_Task::try_allocate_task]::[INFO]: Begin
[2019-02-01 9:54:05.184748] [WPBackItUp_Job_Task::setStatus]::[INFO]: Begin
[2019-02-01 9:54:05.184866] [WPBackItUp_Job_Task::save]::[INFO]: Begin
[2019-02-01 9:54:05.190263] [WPBackItUp_Job_Task::try_allocate_task]::[INFO]: End - Task allocated
[2019-02-01 9:54:05.192801] [WPBackItUp_Job_Task::increment_retry_count]::[INFO]: Begin
[2019-02-01 9:54:05.192868] [WPBackItUp_Job_Task::save]::[INFO]: Begin
[2019-02-01 9:54:06.635437] [WPBackItUp_Job_Task::setStatus]::[INFO]: Begin
[2019-02-01 9:54:06.635575] [WPBackItUp_Job_Task::save]::[INFO]: Begin
[2019-02-01 9:54:07.711431] [WPBackItUp_Job_Task::get_job_tasks]::[INFO]: Begin
[2019-02-01 9:54:07.713397] [WPBackItUp_Job_Task::try_allocate_task]::[INFO]: Begin
[2019-02-01 9:54:07.716923] [WPBackItUp_Job_Task::setStatus]::[INFO]: Begin
[2019-02-01 9:54:07.717072] [WPBackItUp_Job_Task::save]::[INFO]: Begin
[2019-02-01 9:54:07.721883] [WPBackItUp_Job_Task::try_allocate_task]::[INFO]: End - Task allocated
[2019-02-01 9:54:07.740962] [WPBackItUp_Job_Task::increment_retry_count]::[INFO]: Begin
[2019-02-01 9:54:07.741014] [WPBackItUp_Job_Task::save]::[INFO]: Begin
[2019-02-01 9:54:08.485948] [WPBackItUp_Job_Task::setStatus]::[INFO]: Begin
[2019-02-01 9:54:08.486114] [WPBackItUp_Job_Task::save]::[INFO]: Begin
[2019-02-01 9:54:09.758146] [WPBackItUp_Job_Task::get_job_tasks]::[INFO]: Begin
[2019-02-01 9:54:09.762305] [WPBackItUp_Job_Task::try_allocate_task]::[INFO]: Begin
[2019-02-01 9:54:09.764722] [WPBackItUp_Job_Task::setStatus]::[INFO]: Begin
[2019-02-01 9:54:09.764825] [WPBackItUp_Job_Task::save]::[INFO]: Begin
[2019-02-01 9:54:09.966974] [WPBackItUp_Job_Task::try_allocate_task]::[INFO]: End - Task allocated
[2019-02-01 9:54:09.971950] [WPBackItUp_Job_Task::increment_retry_count]::[INFO]: Begin
[2019-02-01 9:54:09.972008] [WPBackItUp_Job_Task::save]::[INFO]: Begin
[2019-02-01 9:54:11.085745] [WPBackItUp_Job_Task::setStatus]::[INFO]: Begin
[2019-02-01 9:54:11.085916] [WPBackItUp_Job_Task::save]::[INFO]: Begin
[2019-02-01 9:54:11.850219] [WPBackItUp_Job_Task::get_job_tasks]::[INFO]: Begin
[2019-02-01 9:54:11.853269] [WPBackItUp_Job_Task::try_allocate_task]::[INFO]: Begin
[2019-02-01 9:54:11.884294] [WPBackItUp_Job_Task::setStatus]::[INFO]: Begin
[2019-02-01 9:54:11.886147] [WPBackItUp_Job_Task::save]::[INFO]: Begin
[2019-02-01 9:54:11.890875] [WPBackItUp_Job_Task::try_allocate_task]::[INFO]: End - Task allocated
[2019-02-01 9:54:11.892477] [WPBackItUp_Job_Task::increment_retry_count]::[INFO]: Begin
[2019-02-01 9:54:11.892519] [WPBackItUp_Job_Task::save]::[INFO]: Begin
[2019-02-01 9:54:12.305658] [WPBackItUp_Job_Task::setStatus]::[INFO]: Begin
[2019-02-01 9:54:12.305824] [WPBackItUp_Job_Task::save]::[INFO]: Begin
[2019-02-01 9:54:13.934622] [WPBackItUp_Job_Task::get_job_tasks]::[INFO]: Begin
[2019-02-01 9:54:13.939162] [WPBackItUp_Job_Task::try_allocate_task]::[INFO]: Begin
[2019-02-01 9:54:13.954201] [WPBackItUp_Job_Task::setStatus]::[INFO]: Begin
[2019-02-01 9:54:13.954382] [WPBackItUp_Job_Task::save]::[INFO]: Begin
[2019-02-01 9:54:13.967361] [WPBackItUp_Job_Task::try_allocate_task]::[INFO]: End - Task allocated
[2019-02-01 9:54:13.972255] [WPBackItUp_Job_Task::increment_retry_count]::[INFO]: Begin
[2019-02-01 9:54:13.973577] [WPBackItUp_Job_Task::save]::[INFO]: Begin
[2019-02-01 9:54:15.570796] [WPBackItUp_Job_Task::setStatus]::[INFO]: Begin
[2019-02-01 9:54:15.570982] [WPBackItUp_Job_Task::save]::[INFO]: Begin
[2019-02-01 9:54:16.694159] [WPBackItUp_Job_Task::get_job_tasks]::[INFO]: Begin
[2019-02-01 9:54:16.702420] [WPBackItUp_Job_Task::try_allocate_task]::[INFO]: Begin
[2019-02-01 9:54:16.707621] [WPBackItUp_Job_Task::setStatus]::[INFO]: Begin
[2019-02-01 9:54:16.707771] [WPBackItUp_Job_Task::save]::[INFO]: Begin
[2019-02-01 9:54:16.723409] [WPBackItUp_Job_Task::try_allocate_task]::[INFO]: End - Task allocated
[2019-02-01 9:54:16.725603] [WPBackItUp_Job_Task::increment_retry_count]::[INFO]: Begin
[2019-02-01 9:54:16.725651] [WPBackItUp_Job_Task::save]::[INFO]: Begin
[2019-02-01 9:54:17.255919] [WPBackItUp_Job_Task::setStatus]::[INFO]: Begin
[2019-02-01 9:54:17.256211] [WPBackItUp_Job_Task::save]::[INFO]: Begin
[2019-02-01 9:54:19.236670] [WPBackItUp_Job_Task::get_job_tasks]::[INFO]: Begin
[2019-02-01 9:54:19.238701] [WPBackItUp_Job_Task::try_allocate_task]::[INFO]: Begin
[2019-02-01 9:54:19.252075] [WPBackItUp_Job_Task::setStatus]::[INFO]: Begin
[2019-02-01 9:54:19.252228] [WPBackItUp_Job_Task::save]::[INFO]: Begin
[2019-02-01 9:54:19.267247] [WPBackItUp_Job_Task::try_allocate_task]::[INFO]: End - Task allocated
[2019-02-01 9:54:19.281450] [WPBackItUp_Job_Task::increment_retry_count]::[INFO]: Begin
[2019-02-01 9:54:19.281517] [WPBackItUp_Job_Task::save]::[INFO]: Begin
[2019-02-01 9:54:19.842541] [WPBackItUp_Job_Task::setStatus]::[INFO]: Begin
[2019-02-01 9:54:19.842670] [WPBackItUp_Job_Task::save]::[INFO]: Begin
[2019-02-01 9:54:20.061197] [WPBackItUp_Job_Task::get_job_tasks]::[INFO]: Begin
[2019-02-01 9:54:20.072923] [WPBackItUp_Job_Task::try_allocate_task]::[INFO]: Begin
[2019-02-01 9:54:20.089613] [WPBackItUp_Job_Task::setStatus]::[INFO]: Begin
[2019-02-01 9:54:20.089798] [WPBackItUp_Job_Task::save]::[INFO]: Begin
[2019-02-01 9:54:20.103419] [WPBackItUp_Job_Task::try_allocate_task]::[INFO]: End - Task allocated
[2019-02-01 9:54:20.110342] [WPBackItUp_Job_Task::increment_retry_count]::[INFO]: Begin
[2019-02-01 9:54:20.110402] [WPBackItUp_Job_Task::save]::[INFO]: Begin
[2019-02-01 9:54:20.889267] [WPBackItUp_Job_Task::setStatus]::[INFO]: Begin
[2019-02-01 9:54:20.889408] [WPBackItUp_Job_Task::save]::[INFO]: Begin
[2019-02-01 9:54:25.512310] [WPBackItUp_Job_Task::get_job_tasks]::[INFO]: Begin
[2019-02-01 9:54:25.532999] [WPBackItUp_Job_Task::try_allocate_task]::[INFO]: Begin
[2019-02-01 9:54:25.691339] [WPBackItUp_Job_Task::setStatus]::[INFO]: Begin
[2019-02-01 9:54:25.691505] [WPBackItUp_Job_Task::save]::[INFO]: Begin
[2019-02-01 9:54:25.694380] [WPBackItUp_Job_Task::try_allocate_task]::[INFO]: End - Task allocated
[2019-02-01 9:54:25.742682] [WPBackItUp_Job_Task::increment_retry_count]::[INFO]: Begin
[2019-02-01 9:54:25.742737] [WPBackItUp_Job_Task::save]::[INFO]: Begin
[2019-02-01 9:54:26.287096] [WPBackItUp_Job_Task::setStatus]::[INFO]: Begin
[2019-02-01 9:54:26.287252] [WPBackItUp_Job_Task::save]::[INFO]: Begin
[2019-02-01 9:54:28.784920] [WPBackItUp_Job_Task::get_job_tasks]::[INFO]: Begin
[2019-02-01 9:54:28.797348] [WPBackItUp_Job_Task::try_allocate_task]::[INFO]: Begin
[2019-02-01 9:54:28.810564] [WPBackItUp_Job_Task::setStatus]::[INFO]: Begin
[2019-02-01 9:54:28.810925] [WPBackItUp_Job_Task::save]::[INFO]: Begin
[2019-02-01 9:54:28.838913] [WPBackItUp_Job_Task::try_allocate_task]::[INFO]: End - Task allocated
[2019-02-01 9:54:28.855601] [WPBackItUp_Job_Task::increment_retry_count]::[INFO]: Begin
[2019-02-01 9:54:28.855659] [WPBackItUp_Job_Task::save]::[INFO]: Begin
[2019-02-01 9:54:29.088133] [WPBackItUp_Job_Task::setStatus]::[INFO]: Begin
[2019-02-01 9:54:29.088263] [WPBackItUp_Job_Task::save]::[INFO]: Begin
[2019-02-01 9:54:31.774930] [WPBackItUp_Job_Task::get_job_tasks]::[INFO]: Begin
[2019-02-01 9:54:31.785166] [WPBackItUp_Job_Task::try_allocate_task]::[INFO]: Begin
[2019-02-01 9:54:31.854804] [WPBackItUp_Job_Task::setStatus]::[INFO]: Begin
[2019-02-01 9:54:31.855210] [WPBackItUp_Job_Task::save]::[INFO]: Begin
[2019-02-01 9:54:31.870981] [WPBackItUp_Job_Task::try_allocate_task]::[INFO]: End - Task allocated
[2019-02-01 9:54:31.884893] [WPBackItUp_Job_Task::increment_retry_count]::[INFO]: Begin
[2019-02-01 9:54:31.884954] [WPBackItUp_Job_Task::save]::[INFO]: Begin
[2019-02-01 9:54:32.106448] [WPBackItUp_Job_Task::setStatus]::[INFO]: Begin
[2019-02-01 9:54:32.106626] [WPBackItUp_Job_Task::save]::[INFO]: Begin
[2019-02-01 9:54:34.495543] [WPBackItUp_Job_Task::get_job_tasks]::[INFO]: Begin
[2019-02-01 9:54:34.513493] [WPBackItUp_Job_Task::try_allocate_task]::[INFO]: Begin
[2019-02-01 9:54:34.517333] [WPBackItUp_Job_Task::setStatus]::[INFO]: Begin
[2019-02-01 9:54:34.517484] [WPBackItUp_Job_Task::save]::[INFO]: Begin
[2019-02-01 9:54:34.671492] [WPBackItUp_Job_Task::try_allocate_task]::[INFO]: End - Task allocated
[2019-02-01 9:54:34.716938] [WPBackItUp_Job_Task::increment_retry_count]::[INFO]: Begin
[2019-02-01 9:54:34.717154] [WPBackItUp_Job_Task::save]::[INFO]: Begin
[2019-02-01 9:54:35.718326] [WPBackItUp_Job_Task::setStatus]::[INFO]: Begin
[2019-02-01 9:54:35.718472] [WPBackItUp_Job_Task::save]::[INFO]: Begin
[2019-02-01 9:54:37.556046] [WPBackItUp_Job_Task::get_job_tasks]::[INFO]: Begin
[2019-02-01 9:54:37.635585] [WPBackItUp_Job_Task::try_allocate_task]::[INFO]: Begin
[2019-02-01 9:54:37.656866] [WPBackItUp_Job_Task::setStatus]::[INFO]: Begin
[2019-02-01 9:54:37.657062] [WPBackItUp_Job_Task::save]::[INFO]: Begin
[2019-02-01 9:54:37.670080] [WPBackItUp_Job_Task::try_allocate_task]::[INFO]: End - Task allocated
[2019-02-01 9:54:37.677087] [WPBackItUp_Job_Task::increment_retry_count]::[INFO]: Begin
[2019-02-01 9:54:37.677160] [WPBackItUp_Job_Task::save]::[INFO]: Begin
[2019-02-01 9:54:38.024080] [WPBackItUp_Job_Task::setStatus]::[INFO]: Begin
[2019-02-01 9:54:38.024228] [WPBackItUp_Job_Task::save]::[INFO]: Begin
[2019-02-01 9:54:39.191241] [WPBackItUp_Job_Task::get_job_tasks]::[INFO]: Begin
[2019-02-01 9:54:39.199352] [WPBackItUp_Job_Task::try_allocate_task]::[INFO]: Begin
[2019-02-01 9:54:39.203156] [WPBackItUp_Job_Task::setStatus]::[INFO]: Begin
[2019-02-01 9:54:39.203272] [WPBackItUp_Job_Task::save]::[INFO]: Begin
[2019-02-01 9:54:39.215854] [WPBackItUp_Job_Task::try_allocate_task]::[INFO]: End - Task allocated
[2019-02-01 9:54:39.218733] [WPBackItUp_Job_Task::increment_retry_count]::[INFO]: Begin
[2019-02-01 9:54:39.218836] [WPBackItUp_Job_Task::save]::[INFO]: Begin
[2019-02-01 9:54:39.924554] [WPBackItUp_Job_Task::setStatus]::[INFO]: Begin
[2019-02-01 9:54:39.924662] [WPBackItUp_Job_Task::save]::[INFO]: Begin
[2019-02-01 9:54:43.270431] [WPBackItUp_Job_Task::get_job_tasks]::[INFO]: Begin
[2019-02-01 9:54:43.275532] [WPBackItUp_Job_Task::try_allocate_task]::[INFO]: Begin
[2019-02-01 9:54:43.279869] [WPBackItUp_Job_Task::setStatus]::[INFO]: Begin
[2019-02-01 9:54:43.279985] [WPBackItUp_Job_Task::save]::[INFO]: Begin
[2019-02-01 9:54:43.284590] [WPBackItUp_Job_Task::try_allocate_task]::[INFO]: End - Task allocated
[2019-02-01 9:54:43.355642] [WPBackItUp_Job_Task::increment_retry_count]::[INFO]: Begin
[2019-02-01 9:54:43.356149] [WPBackItUp_Job_Task::save]::[INFO]: Begin
[2019-02-01 9:54:43.523858] [WPBackItUp_Job_Task::setStatus]::[INFO]: Begin
[2019-02-01 9:54:43.523997] [WPBackItUp_Job_Task::save]::[INFO]: Begin
[2019-02-01 9:54:45.114741] [WPBackItUp_Job_Task::get_job_tasks]::[INFO]: Begin
[2019-02-01 9:54:45.131530] [WPBackItUp_Job_Task::try_allocate_task]::[INFO]: Begin
[2019-02-01 9:54:45.152478] [WPBackItUp_Job_Task::setStatus]::[INFO]: Begin
[2019-02-01 9:54:45.152700] [WPBackItUp_Job_Task::save]::[INFO]: Begin
[2019-02-01 9:54:45.167896] [WPBackItUp_Job_Task::try_allocate_task]::[INFO]: End - Task allocated
[2019-02-01 9:54:45.200232] [WPBackItUp_Job_Task::increment_retry_count]::[INFO]: Begin
[2019-02-01 9:54:45.200308] [WPBackItUp_Job_Task::save]::[INFO]: Begin
[2019-02-01 9:54:45.407176] [WPBackItUp_Job_Task::setStatus]::[INFO]: Begin
[2019-02-01 9:54:45.407385] [WPBackItUp_Job_Task::save]::[INFO]: Begin
[2019-02-01 9:54:47.617659] [WPBackItUp_Job_Task::get_job_tasks]::[INFO]: Begin
[2019-02-01 9:54:47.627262] [WPBackItUp_Job_Task::try_allocate_task]::[INFO]: Begin
[2019-02-01 9:54:47.642921] [WPBackItUp_Job_Task::setStatus]::[INFO]: Begin
[2019-02-01 9:54:47.643059] [WPBackItUp_Job_Task::save]::[INFO]: Begin
[2019-02-01 9:54:47.677345] [WPBackItUp_Job_Task::try_allocate_task]::[INFO]: End - Task allocated
[2019-02-01 9:54:47.695643] [WPBackItUp_Job_Task::increment_retry_count]::[INFO]: Begin
[2019-02-01 9:54:47.695945] [WPBackItUp_Job_Task::save]::[INFO]: Begin
[2019-02-01 9:54:47.935965] [WPBackItUp_Job_Task::setStatus]::[INFO]: Begin
[2019-02-01 9:54:47.936111] [WPBackItUp_Job_Task::save]::[INFO]: Begin
[2019-02-01 9:54:49.729036] [WPBackItUp_Job_Task::get_job_tasks]::[INFO]: Begin
[2019-02-01 9:54:49.742285] [WPBackItUp_Job_Task::try_allocate_task]::[INFO]: Begin
[2019-02-01 9:54:49.772562] [WPBackItUp_Job_Task::setStatus]::[INFO]: Begin
[2019-02-01 9:54:49.772911] [WPBackItUp_Job_Task::save]::[INFO]: Begin
[2019-02-01 9:54:49.820128] [WPBackItUp_Job_Task::try_allocate_task]::[INFO]: End - Task allocated
[2019-02-01 9:54:49.850933] [WPBackItUp_Job_Task::increment_retry_count]::[INFO]: Begin
[2019-02-01 9:54:49.850994] [WPBackItUp_Job_Task::save]::[INFO]: Begin
[2019-02-01 9:54:50.143634] [WPBackItUp_Job_Task::setStatus]::[INFO]: Begin
[2019-02-01 9:54:50.143809] [WPBackItUp_Job_Task::save]::[INFO]: Begin
[2019-02-01 9:54:50.670753] [WPBackItUp_Job_Task::get_job_tasks]::[INFO]: Begin
[2019-02-01 9:54:50.676187] [WPBackItUp_Job_Task::try_allocate_task]::[INFO]: Begin
[2019-02-01 9:54:50.697995] [WPBackItUp_Job_Task::setStatus]::[INFO]: Begin
[2019-02-01 9:54:50.698115] [WPBackItUp_Job_Task::save]::[INFO]: Begin
[2019-02-01 9:54:50.702928] [WPBackItUp_Job_Task::try_allocate_task]::[INFO]: End - Task allocated
[2019-02-01 9:54:50.704298] [WPBackItUp_Job_Task::increment_retry_count]::[INFO]: Begin
[2019-02-01 9:54:50.704773] [WPBackItUp_Job_Task::save]::[INFO]: Begin
[2019-02-01 9:54:51.105303] [WPBackItUp_Job_Task::setStatus]::[INFO]: Begin
[2019-02-01 9:54:51.111903] [WPBackItUp_Job_Task::save]::[INFO]: Begin
[2019-02-01 9:54:54.016021] [WPBackItUp_Job_Task::get_job_tasks]::[INFO]: Begin
[2019-02-01 9:54:54.021657] [WPBackItUp_Job_Task::try_allocate_task]::[INFO]: Begin
[2019-02-01 9:54:54.024163] [WPBackItUp_Job_Task::setStatus]::[INFO]: Begin
[2019-02-01 9:54:54.024286] [WPBackItUp_Job_Task::save]::[INFO]: Begin
[2019-02-01 9:54:54.175438] [WPBackItUp_Job_Task::try_allocate_task]::[INFO]: End - Task allocated
[2019-02-01 9:54:54.178081] [WPBackItUp_Job_Task::increment_retry_count]::[INFO]: Begin
[2019-02-01 9:54:54.178144] [WPBackItUp_Job_Task::save]::[INFO]: Begin
[2019-02-01 9:54:54.797244] [WPBackItUp_Job_Task::setStatus]::[INFO]: Begin
[2019-02-01 9:54:54.797424] [WPBackItUp_Job_Task::save]::[INFO]: Begin
[2019-02-01 9:55:01.021055] [WPBackItUp_Job_Task::get_job_tasks]::[INFO]: Begin
[2019-02-01 9:55:01.313278] [WPBackItUp_Job_Task::try_allocate_task]::[INFO]: Begin
[2019-02-01 9:55:01.802948] [WPBackItUp_Job_Task::setStatus]::[INFO]: Begin
[2019-02-01 9:55:01.998895] [WPBackItUp_Job_Task::save]::[INFO]: Begin
[2019-02-01 9:55:02.711843] [WPBackItUp_Job_Task::try_allocate_task]::[INFO]: End - Task allocated
[2019-02-01 9:55:02.727396] [WPBackItUp_Job_Task::increment_retry_count]::[INFO]: Begin
[2019-02-01 9:55:02.727454] [WPBackItUp_Job_Task::save]::[INFO]: Begin
[2019-02-01 9:55:03.267527] [WPBackItUp_Job_Task::setStatus]::[INFO]: Begin
[2019-02-01 9:55:03.267688] [WPBackItUp_Job_Task::save]::[INFO]: Begin
[2019-02-01 9:55:04.701848] [WPBackItUp_Job_Task::get_job_tasks]::[INFO]: Begin
[2019-02-01 9:55:04.706315] [WPBackItUp_Job_Task::try_allocate_task]::[INFO]: Begin
[2019-02-01 9:55:04.719841] [WPBackItUp_Job_Task::setStatus]::[INFO]: Begin
[2019-02-01 9:55:04.720000] [WPBackItUp_Job_Task::save]::[INFO]: Begin
[2019-02-01 9:55:04.729274] [WPBackItUp_Job_Task::try_allocate_task]::[INFO]: End - Task allocated
[2019-02-01 9:55:04.734778] [WPBackItUp_Job_Task::increment_retry_count]::[INFO]: Begin
[2019-02-01 9:55:04.734841] [WPBackItUp_Job_Task::save]::[INFO]: Begin
[2019-02-01 9:55:08.450922] [WPBackItUp_Job_Task::setStatus]::[INFO]: Begin
[2019-02-01 9:55:08.451077] [WPBackItUp_Job_Task::save]::[INFO]: Begin
[2019-02-01 9:55:09.361804] [WPBackItUp_Job_Task::get_job_tasks]::[INFO]: Begin
[2019-02-01 9:55:09.376164] [WPBackItUp_Job_Task::try_allocate_task]::[INFO]: Begin
[2019-02-01 9:55:09.390028] [WPBackItUp_Job_Task::setStatus]::[INFO]: Begin
[2019-02-01 9:55:09.390197] [WPBackItUp_Job_Task::save]::[INFO]: Begin
[2019-02-01 9:55:09.409655] [WPBackItUp_Job_Task::try_allocate_task]::[INFO]: End - Task allocated
[2019-02-01 9:55:09.412153] [WPBackItUp_Job_Task::increment_retry_count]::[INFO]: Begin
[2019-02-01 9:55:09.412216] [WPBackItUp_Job_Task::save]::[INFO]: Begin
[2019-02-01 9:55:10.015317] [WPBackItUp_Job_Task::setStatus]::[INFO]: Begin
[2019-02-01 9:55:10.015506] [WPBackItUp_Job_Task::save]::[INFO]: Begin
[2019-02-01 9:55:14.671732] [WPBackItUp_Job_Task::get_job_tasks]::[INFO]: Begin
[2019-02-01 9:55:14.676254] [WPBackItUp_Job_Task::try_allocate_task]::[INFO]: Begin
[2019-02-01 9:55:14.688621] [WPBackItUp_Job_Task::setStatus]::[INFO]: Begin
[2019-02-01 9:55:14.688785] [WPBackItUp_Job_Task::save]::[INFO]: Begin
[2019-02-01 9:55:14.691920] [WPBackItUp_Job_Task::try_allocate_task]::[INFO]: End - Task allocated
[2019-02-01 9:55:14.695270] [WPBackItUp_Job_Task::increment_retry_count]::[INFO]: Begin
[2019-02-01 9:55:14.695318] [WPBackItUp_Job_Task::save]::[INFO]: Begin
[2019-02-01 9:55:15.215150] [WPBackItUp_Job_Task::setStatus]::[INFO]: Begin
[2019-02-01 9:55:15.215480] [WPBackItUp_Job_Task::save]::[INFO]: Begin
[2019-02-01 9:55:17.871325] [WPBackItUp_Job_Task::get_job_tasks]::[INFO]: Begin
[2019-02-01 9:55:17.880779] [WPBackItUp_Job_Task::try_allocate_task]::[INFO]: Begin
[2019-02-01 9:55:17.891971] [WPBackItUp_Job_Task::setStatus]::[INFO]: Begin
[2019-02-01 9:55:17.892105] [WPBackItUp_Job_Task::save]::[INFO]: Begin
[2019-02-01 9:55:17.902729] [WPBackItUp_Job_Task::try_allocate_task]::[INFO]: End - Task allocated
[2019-02-01 9:55:17.905981] [WPBackItUp_Job_Task::increment_retry_count]::[INFO]: Begin
[2019-02-01 9:55:17.906044] [WPBackItUp_Job_Task::save]::[INFO]: Begin
[2019-02-01 9:55:18.174818] [WPBackItUp_Job_Task::setStatus]::[INFO]: Begin
[2019-02-01 9:55:18.174940] [WPBackItUp_Job_Task::save]::[INFO]: Begin
[2019-02-01 9:55:20.650861] [WPBackItUp_Job_Task::get_job_tasks]::[INFO]: Begin
[2019-02-01 9:55:20.667610] [WPBackItUp_Job_Task::try_allocate_task]::[INFO]: Begin
[2019-02-01 9:55:20.676242] [WPBackItUp_Job_Task::setStatus]::[INFO]: Begin
[2019-02-01 9:55:20.677331] [WPBackItUp_Job_Task::save]::[INFO]: Begin
[2019-02-01 9:55:20.731654] [WPBackItUp_Job_Task::try_allocate_task]::[INFO]: End - Task allocated
[2019-02-01 9:55:20.737237] [WPBackItUp_Job_Task::increment_retry_count]::[INFO]: Begin
[2019-02-01 9:55:20.737309] [WPBackItUp_Job_Task::save]::[INFO]: Begin
[2019-02-01 9:55:20.931468] [WPBackItUp_Job_Task::setStatus]::[INFO]: Begin
[2019-02-01 9:55:20.931673] [WPBackItUp_Job_Task::save]::[INFO]: Begin
[2019-02-01 9:55:20.943711] [WPBackItUp_Job_Task::get_job_tasks]::[INFO]: Begin
[2019-02-01 9:55:20.946986] [WPBackItUp_Job_Task::try_allocate_task]::[INFO]: Begin
[2019-02-01 9:55:20.953181] [WPBackItUp_Job_Task::setStatus]::[INFO]: Begin
[2019-02-01 9:55:20.953334] [WPBackItUp_Job_Task::save]::[INFO]: Begin
[2019-02-01 9:55:20.955868] [WPBackItUp_Job_Task::try_allocate_task]::[INFO]: End - Task allocated
[2019-02-01 9:55:20.959692] [WPBackItUp_Job_Task::increment_retry_count]::[INFO]: Begin
[2019-02-01 9:55:20.959748] [WPBackItUp_Job_Task::save]::[INFO]: Begin
[2019-02-01 9:55:21.345154] [WPBackItUp_Job_Task::setStatus]::[INFO]: Begin
[2019-02-01 9:55:21.345288] [WPBackItUp_Job_Task::save]::[INFO]: Begin
[2019-02-01 9:55:24.098745] [WPBackItUp_Job_Task::get_job_tasks]::[INFO]: Begin
[2019-02-01 9:55:24.141382] [WPBackItUp_Job_Task::try_allocate_task]::[INFO]: Begin
[2019-02-01 9:55:24.157541] [WPBackItUp_Job_Task::setStatus]::[INFO]: Begin
[2019-02-01 9:55:24.157731] [WPBackItUp_Job_Task::save]::[INFO]: Begin
[2019-02-01 9:55:24.167160] [WPBackItUp_Job_Task::try_allocate_task]::[INFO]: End - Task allocated
[2019-02-01 9:55:24.187076] [WPBackItUp_Job_Task::increment_retry_count]::[INFO]: Begin
[2019-02-01 9:55:24.187155] [WPBackItUp_Job_Task::save]::[INFO]: Begin
[2019-02-01 9:55:24.516817] [WPBackItUp_Job_Task::setStatus]::[INFO]: Begin
[2019-02-01 9:55:24.516968] [WPBackItUp_Job_Task::save]::[INFO]: Begin
[2019-02-01 9:55:27.216381] [WPBackItUp_Job_Task::get_job_tasks]::[INFO]: Begin
[2019-02-01 9:55:27.229665] [WPBackItUp_Job_Task::try_allocate_task]::[INFO]: Begin
[2019-02-01 9:55:27.249079] [WPBackItUp_Job_Task::setStatus]::[INFO]: Begin
[2019-02-01 9:55:27.249238] [WPBackItUp_Job_Task::save]::[INFO]: Begin
[2019-02-01 9:55:27.253438] [WPBackItUp_Job_Task::try_allocate_task]::[INFO]: End - Task allocated
[2019-02-01 9:55:27.266809] [WPBackItUp_Job_Task::increment_retry_count]::[INFO]: Begin
[2019-02-01 9:55:27.266908] [WPBackItUp_Job_Task::save]::[INFO]: Begin
[2019-02-01 9:55:27.731415] [WPBackItUp_Job_Task::setStatus]::[INFO]: Begin
[2019-02-01 9:55:27.731584] [WPBackItUp_Job_Task::save]::[INFO]: Begin
[2019-02-01 9:55:29.198100] [WPBackItUp_Job_Task::get_job_tasks]::[INFO]: Begin
[2019-02-01 9:55:29.206743] [WPBackItUp_Job_Task::try_allocate_task]::[INFO]: Begin
[2019-02-01 9:55:29.209264] [WPBackItUp_Job_Task::setStatus]::[INFO]: Begin
[2019-02-01 9:55:29.209379] [WPBackItUp_Job_Task::save]::[INFO]: Begin
[2019-02-01 9:55:29.213474] [WPBackItUp_Job_Task::try_allocate_task]::[INFO]: End - Task allocated
[2019-02-01 9:55:29.214895] [WPBackItUp_Job_Task::increment_retry_count]::[INFO]: Begin
[2019-02-01 9:55:29.214972] [WPBackItUp_Job_Task::save]::[INFO]: Begin
[2019-02-01 9:55:29.590209] [WPBackItUp_Job_Task::setStatus]::[INFO]: Begin
[2019-02-01 9:55:29.590403] [WPBackItUp_Job_Task::save]::[INFO]: Begin
[2019-02-01 9:55:31.316812] [WPBackItUp_Job_Task::get_job_tasks]::[INFO]: Begin
[2019-02-01 9:55:31.322583] [WPBackItUp_Job_Task::try_allocate_task]::[INFO]: Begin
[2019-02-01 9:55:31.341504] [WPBackItUp_Job_Task::setStatus]::[INFO]: Begin
[2019-02-01 9:55:31.341686] [WPBackItUp_Job_Task::save]::[INFO]: Begin
[2019-02-01 9:55:31.362720] [WPBackItUp_Job_Task::try_allocate_task]::[INFO]: End - Task allocated
[2019-02-01 9:55:31.367150] [WPBackItUp_Job_Task::increment_retry_count]::[INFO]: Begin
[2019-02-01 9:55:31.367214] [WPBackItUp_Job_Task::save]::[INFO]: Begin
[2019-02-01 9:55:31.705313] [WPBackItUp_Job_Task::setStatus]::[INFO]: Begin
[2019-02-01 9:55:31.705476] [WPBackItUp_Job_Task::save]::[INFO]: Begin
[2019-02-01 9:55:34.462047] [WPBackItUp_Job_Task::get_job_tasks]::[INFO]: Begin
[2019-02-01 9:55:34.471440] [WPBackItUp_Job_Task::try_allocate_task]::[INFO]: Begin
[2019-02-01 9:55:34.500680] [WPBackItUp_Job_Task::setStatus]::[INFO]: Begin
[2019-02-01 9:55:34.500874] [WPBackItUp_Job_Task::save]::[INFO]: Begin
[2019-02-01 9:55:34.513112] [WPBackItUp_Job_Task::try_allocate_task]::[INFO]: End - Task allocated
[2019-02-01 9:55:34.526997] [WPBackItUp_Job_Task::increment_retry_count]::[INFO]: Begin
[2019-02-01 9:55:34.527045] [WPBackItUp_Job_Task::save]::[INFO]: Begin
[2019-02-01 9:55:35.765574] [WPBackItUp_Job_Task::setStatus]::[INFO]: Begin
[2019-02-01 9:55:35.765712] [WPBackItUp_Job_Task::save]::[INFO]: Begin
[2019-02-01 9:55:37.262465] [WPBackItUp_Job_Task::get_job_tasks]::[INFO]: Begin
[2019-02-01 9:55:37.266329] [WPBackItUp_Job_Task::try_allocate_task]::[INFO]: Begin
[2019-02-01 9:55:37.273751] [WPBackItUp_Job_Task::setStatus]::[INFO]: Begin
[2019-02-01 9:55:37.273930] [WPBackItUp_Job_Task::save]::[INFO]: Begin
[2019-02-01 9:55:37.277771] [WPBackItUp_Job_Task::try_allocate_task]::[INFO]: End - Task allocated
[2019-02-01 9:55:37.280071] [WPBackItUp_Job_Task::increment_retry_count]::[INFO]: Begin
[2019-02-01 9:55:37.280157] [WPBackItUp_Job_Task::save]::[INFO]: Begin
[2019-02-01 9:55:38.234790] [WPBackItUp_Job_Task::setStatus]::[INFO]: Begin
[2019-02-01 9:55:38.234955] [WPBackItUp_Job_Task::save]::[INFO]: Begin
[2019-02-01 9:55:39.442404] [WPBackItUp_Job_Task::get_job_tasks]::[INFO]: Begin
[2019-02-01 9:55:39.459264] [WPBackItUp_Job_Task::try_allocate_task]::[INFO]: Begin
[2019-02-01 9:55:39.463227] [WPBackItUp_Job_Task::setStatus]::[INFO]: Begin
[2019-02-01 9:55:39.463377] [WPBackItUp_Job_Task::save]::[INFO]: Begin
[2019-02-01 9:55:39.466535] [WPBackItUp_Job_Task::try_allocate_task]::[INFO]: End - Task allocated
[2019-02-01 9:55:39.468358] [WPBackItUp_Job_Task::increment_retry_count]::[INFO]: Begin
[2019-02-01 9:55:39.468422] [WPBackItUp_Job_Task::save]::[INFO]: Begin
[2019-02-01 9:55:39.763956] [WPBackItUp_Job_Task::setStatus]::[INFO]: Begin
[2019-02-01 9:55:39.764092] [WPBackItUp_Job_Task::save]::[INFO]: Begin
[2019-02-01 9:55:41.157917] [WPBackItUp_Job_Task::get_job_tasks]::[INFO]: Begin
[2019-02-01 9:55:41.162825] [WPBackItUp_Job_Task::try_allocate_task]::[INFO]: Begin
[2019-02-01 9:55:41.169203] [WPBackItUp_Job_Task::setStatus]::[INFO]: Begin
[2019-02-01 9:55:41.169320] [WPBackItUp_Job_Task::save]::[INFO]: Begin
[2019-02-01 9:55:41.173000] [WPBackItUp_Job_Task::try_allocate_task]::[INFO]: End - Task allocated
[2019-02-01 9:55:41.175384] [WPBackItUp_Job_Task::increment_retry_count]::[INFO]: Begin
[2019-02-01 9:55:41.175467] [WPBackItUp_Job_Task::save]::[INFO]: Begin
[2019-02-01 9:55:41.186651] [WPBackItUp_Job_Task::setStatus]::[INFO]: Begin
[2019-02-01 9:55:41.186770] [WPBackItUp_Job_Task::save]::[INFO]: Begin
[2019-02-01 9:55:43.701046] [WPBackItUp_Job_Task::get_job_tasks]::[INFO]: Begin
[2019-02-01 9:55:43.722213] [WPBackItUp_Job_Task::try_allocate_task]::[INFO]: Begin
[2019-02-01 9:55:43.735054] [WPBackItUp_Job_Task::setStatus]::[INFO]: Begin
[2019-02-01 9:55:43.735232] [WPBackItUp_Job_Task::save]::[INFO]: Begin
[2019-02-01 9:55:43.751580] [WPBackItUp_Job_Task::try_allocate_task]::[INFO]: End - Task allocated
[2019-02-01 9:55:43.765939] [WPBackItUp_Job_Task::increment_retry_count]::[INFO]: Begin
[2019-02-01 9:55:43.766024] [WPBackItUp_Job_Task::save]::[INFO]: Begin
[2019-02-01 9:55:44.395293] [WPBackItUp_Job_Task::setStatus]::[INFO]: Begin
[2019-02-01 9:55:44.395488] [WPBackItUp_Job_Task::save]::[INFO]: Begin
[2019-02-01 9:55:47.015733] [WPBackItUp_Job_Task::get_job_tasks]::[INFO]: Begin
[2019-02-01 9:55:47.022334] [WPBackItUp_Job_Task::try_allocate_task]::[INFO]: Begin
[2019-02-01 9:55:47.254591] [WPBackItUp_Job_Task::setStatus]::[INFO]: Begin
[2019-02-01 9:55:47.258317] [WPBackItUp_Job_Task::save]::[INFO]: Begin
[2019-02-01 9:55:47.270514] [WPBackItUp_Job_Task::try_allocate_task]::[INFO]: End - Task allocated
[2019-02-01 9:55:47.278913] [WPBackItUp_Job_Task::increment_retry_count]::[INFO]: Begin
[2019-02-01 9:55:47.279023] [WPBackItUp_Job_Task::save]::[INFO]: Begin
[2019-02-01 9:55:49.894771] [WPBackItUp_Job_Task::setStatus]::[INFO]: Begin
[2019-02-01 9:55:49.894942] [WPBackItUp_Job_Task::save]::[INFO]: Begin
[2019-02-01 10:20:29.822976] [WPBackItUp_Job_Task::get_job_tasks]::[INFO]: Begin
[2019-02-01 10:20:29.829396] [WPBackItUp_Job_Task::try_allocate_task]::[INFO]: Begin
[2019-02-01 10:20:29.831881] [WPBackItUp_Job_Task::setStatus]::[INFO]: Begin
[2019-02-01 10:20:29.832041] [WPBackItUp_Job_Task::save]::[INFO]: Begin
[2019-02-01 10:20:29.842644] [WPBackItUp_Job_Task::try_allocate_task]::[INFO]: End - Task allocated
[2019-02-01 10:20:29.845690] [WPBackItUp_Job_Task::increment_retry_count]::[INFO]: Begin
[2019-02-01 10:20:29.845782] [WPBackItUp_Job_Task::save]::[INFO]: Begin
[2019-02-01 10:20:31.110646] [WPBackItUp_Job_Task::setStatus]::[INFO]: Begin
[2019-02-01 10:20:31.111004] [WPBackItUp_Job_Task::save]::[INFO]: Begin
[2019-02-01 10:20:32.265625] [WPBackItUp_Job_Task::get_job_tasks]::[INFO]: Begin
[2019-02-01 10:20:32.267303] [WPBackItUp_Job_Task::try_allocate_task]::[INFO]: Begin
[2019-02-01 10:20:32.270945] [WPBackItUp_Job_Task::setStatus]::[INFO]: Begin
[2019-02-01 10:20:32.271074] [WPBackItUp_Job_Task::save]::[INFO]: Begin
[2019-02-01 10:20:32.279531] [WPBackItUp_Job_Task::try_allocate_task]::[INFO]: End - Task allocated
[2019-02-01 10:20:32.281397] [WPBackItUp_Job_Task::increment_retry_count]::[INFO]: Begin
[2019-02-01 10:20:32.281454] [WPBackItUp_Job_Task::save]::[INFO]: Begin
[2019-02-01 10:20:32.373112] [WPBackItUp_Job_Task::setStatus]::[INFO]: Begin
[2019-02-01 10:20:32.373285] [WPBackItUp_Job_Task::save]::[INFO]: Begin
[2019-02-01 10:20:38.935156] [WPBackItUp_Job_Task::get_job_tasks]::[INFO]: Begin
[2019-02-01 10:20:38.948940] [WPBackItUp_Job_Task::try_allocate_task]::[INFO]: Begin
[2019-02-01 10:20:38.953038] [WPBackItUp_Job_Task::setStatus]::[INFO]: Begin
[2019-02-01 10:20:38.953212] [WPBackItUp_Job_Task::save]::[INFO]: Begin
[2019-02-01 10:20:38.959918] [WPBackItUp_Job_Task::try_allocate_task]::[INFO]: End - Task allocated
[2019-02-01 10:20:38.971172] [WPBackItUp_Job_Task::increment_retry_count]::[INFO]: Begin
[2019-02-01 10:20:38.971235] [WPBackItUp_Job_Task::save]::[INFO]: Begin
[2019-02-01 10:20:39.011976] [WPBackItUp_Job_Task::setStatus]::[INFO]: Begin
[2019-02-01 10:20:39.012110] [WPBackItUp_Job_Task::save]::[INFO]: Begin
[2019-02-01 10:20:43.251130] [WPBackItUp_Job_Task::get_job_tasks]::[INFO]: Begin
[2019-02-01 10:20:43.254831] [WPBackItUp_Job_Task::try_allocate_task]::[INFO]: Begin
[2019-02-01 10:20:43.258522] [WPBackItUp_Job_Task::setStatus]::[INFO]: Begin
[2019-02-01 10:20:43.258691] [WPBackItUp_Job_Task::save]::[INFO]: Begin
[2019-02-01 10:20:43.262650] [WPBackItUp_Job_Task::try_allocate_task]::[INFO]: End - Task allocated
[2019-02-01 10:20:43.271054] [WPBackItUp_Job_Task::increment_retry_count]::[INFO]: Begin
[2019-02-01 10:20:43.271116] [WPBackItUp_Job_Task::save]::[INFO]: Begin
[2019-02-01 10:20:43.964127] [WPBackItUp_Job_Task::setStatus]::[INFO]: Begin
[2019-02-01 10:20:43.964282] [WPBackItUp_Job_Task::save]::[INFO]: Begin
[2019-02-01 10:20:47.996227] [WPBackItUp_Job_Task::get_job_tasks]::[INFO]: Begin
[2019-02-01 10:20:48.002722] [WPBackItUp_Job_Task::try_allocate_task]::[INFO]: Begin
[2019-02-01 10:20:48.007803] [WPBackItUp_Job_Task::setStatus]::[INFO]: Begin
[2019-02-01 10:20:48.008158] [WPBackItUp_Job_Task::save]::[INFO]: Begin
[2019-02-01 10:20:48.011797] [WPBackItUp_Job_Task::try_allocate_task]::[INFO]: End - Task allocated
[2019-02-01 10:20:48.013328] [WPBackItUp_Job_Task::increment_retry_count]::[INFO]: Begin
[2019-02-01 10:20:48.013386] [WPBackItUp_Job_Task::save]::[INFO]: Begin
[2019-02-01 10:20:48.191545] [WPBackItUp_Job_Task::setStatus]::[INFO]: Begin
[2019-02-01 10:20:48.191705] [WPBackItUp_Job_Task::save]::[INFO]: Begin
[2019-02-01 10:22:25.501661] [WPBackItUp_Job_Task::get_job_tasks]::[INFO]: Begin
[2019-02-01 10:22:25.503278] [WPBackItUp_Job_Task::try_allocate_task]::[INFO]: Begin
[2019-02-01 10:22:25.512151] [WPBackItUp_Job_Task::setStatus]::[INFO]: Begin
[2019-02-01 10:22:25.512327] [WPBackItUp_Job_Task::save]::[INFO]: Begin
[2019-02-01 10:22:25.515815] [WPBackItUp_Job_Task::try_allocate_task]::[INFO]: End - Task allocated
[2019-02-01 10:22:25.522007] [WPBackItUp_Job_Task::increment_retry_count]::[INFO]: Begin
[2019-02-01 10:22:25.522075] [WPBackItUp_Job_Task::save]::[INFO]: Begin
[2019-02-01 10:22:25.536109] [WPBackItUp_Job_Task::setStatus]::[INFO]: Begin
[2019-02-01 10:22:25.594033] [WPBackItUp_Job_Task::save]::[INFO]: Begin
[2019-02-01 10:29:20.834975] [WPBackItUp_Job_Task::get_job_tasks]::[INFO]: Begin
[2019-02-01 10:29:22.255810] [WPBackItUp_Job_Task::get_task_by_id]::[INFO]: Begin
[2019-02-01 10:29:22.283765] [WPBackItUp_Job_Task::setStatus]::[INFO]: Begin
[2019-02-01 10:29:22.283930] [WPBackItUp_Job_Task::save]::[INFO]: Begin
[2019-02-01 10:29:22.287899] [WPBackItUp_Job_Task::get_task_by_id]::[INFO]: Begin
[2019-02-01 10:29:22.314493] [WPBackItUp_Job_Task::setStatus]::[INFO]: Begin
[2019-02-01 10:29:22.314625] [WPBackItUp_Job_Task::save]::[INFO]: Begin
[2019-02-01 10:29:22.319885] [WPBackItUp_Job_Task::get_task_by_id]::[INFO]: Begin
[2019-02-01 10:29:22.321587] [WPBackItUp_Job_Task::setStatus]::[INFO]: Begin
[2019-02-01 10:29:22.321841] [WPBackItUp_Job_Task::save]::[INFO]: Begin
[2019-02-01 10:29:22.326972] [WPBackItUp_Job_Task::get_task_by_id]::[INFO]: Begin
[2019-02-01 10:29:22.420356] [WPBackItUp_Job_Task::setStatus]::[INFO]: Begin
[2019-02-01 10:29:22.422919] [WPBackItUp_Job_Task::save]::[INFO]: Begin
[2019-02-01 10:29:22.426687] [WPBackItUp_Job_Task::get_task_by_id]::[INFO]: Begin
[2019-02-01 10:29:22.477194] [WPBackItUp_Job_Task::setStatus]::[INFO]: Begin
[2019-02-01 10:29:22.477442] [WPBackItUp_Job_Task::save]::[INFO]: Begin
[2019-02-01 10:29:22.484210] [WPBackItUp_Job_Task::get_task_by_id]::[INFO]: Begin
[2019-02-01 10:29:22.489599] [WPBackItUp_Job_Task::setStatus]::[INFO]: Begin
[2019-02-01 10:29:22.489720] [WPBackItUp_Job_Task::save]::[INFO]: Begin
[2019-02-01 10:29:22.495558] [WPBackItUp_Job_Task::get_task_by_id]::[INFO]: Begin
[2019-02-01 10:29:22.502873] [WPBackItUp_Job_Task::setStatus]::[INFO]: Begin
[2019-02-01 10:29:22.503137] [WPBackItUp_Job_Task::save]::[INFO]: Begin
[2019-02-01 11:33:22.508531] [WPBackItUp_Job_Task::get_job_tasks]::[INFO]: Begin
[2019-02-01 11:33:25.115900] [WPBackItUp_Job_Task::get_task_by_id]::[INFO]: Begin
[2019-02-01 11:33:25.144341] [WPBackItUp_Job_Task::setStatus]::[INFO]: Begin
[2019-02-01 11:33:25.144521] [WPBackItUp_Job_Task::save]::[INFO]: Begin
[2019-02-01 11:33:25.157371] [WPBackItUp_Job_Task::get_task_by_id]::[INFO]: Begin
[2019-02-01 11:33:25.181503] [WPBackItUp_Job_Task::setStatus]::[INFO]: Begin
[2019-02-01 11:33:25.181628] [WPBackItUp_Job_Task::save]::[INFO]: Begin
[2019-02-01 11:33:25.193116] [WPBackItUp_Job_Task::get_task_by_id]::[INFO]: Begin
[2019-02-01 11:33:25.200340] [WPBackItUp_Job_Task::setStatus]::[INFO]: Begin
[2019-02-01 11:33:25.200484] [WPBackItUp_Job_Task::save]::[INFO]: Begin
[2019-02-01 11:33:25.213490] [WPBackItUp_Job_Task::get_task_by_id]::[INFO]: Begin
[2019-02-01 11:33:25.216870] [WPBackItUp_Job_Task::setStatus]::[INFO]: Begin
[2019-02-01 11:33:25.217010] [WPBackItUp_Job_Task::save]::[INFO]: Begin
[2019-02-01 11:33:25.259638] [WPBackItUp_Job_Task::get_task_by_id]::[INFO]: Begin
[2019-02-01 11:33:25.337196] [WPBackItUp_Job_Task::setStatus]::[INFO]: Begin
[2019-02-01 11:33:25.337397] [WPBackItUp_Job_Task::save]::[INFO]: Begin
[2019-02-01 11:33:25.347791] [WPBackItUp_Job_Task::get_task_by_id]::[INFO]: Begin
[2019-02-01 11:33:25.360825] [WPBackItUp_Job_Task::setStatus]::[INFO]: Begin
[2019-02-01 11:33:25.360975] [WPBackItUp_Job_Task::save]::[INFO]: Begin
[2019-02-01 11:33:25.371889] [WPBackItUp_Job_Task::get_task_by_id]::[INFO]: Begin
[2019-02-01 11:33:25.381561] [WPBackItUp_Job_Task::setStatus]::[INFO]: Begin
[2019-02-01 11:33:25.381681] [WPBackItUp_Job_Task::save]::[INFO]: Begin
[2019-02-04 17:17:53.260339] [WPBackItUp_Job_Task::get_job_tasks]::[INFO]: Begin
[2019-02-04 17:17:57.453967] [WPBackItUp_Job_Task::get_task_by_id]::[INFO]: Begin
[2019-02-04 17:17:58.562503] [WPBackItUp_Job_Task::setStatus]::[INFO]: Begin
[2019-02-04 17:17:58.562725] [WPBackItUp_Job_Task::save]::[INFO]: Begin
[2019-02-04 17:17:58.571928] [WPBackItUp_Job_Task::get_task_by_id]::[INFO]: Begin
[2019-02-04 17:17:58.601730] [WPBackItUp_Job_Task::setStatus]::[INFO]: Begin
[2019-02-04 17:17:58.601890] [WPBackItUp_Job_Task::save]::[INFO]: Begin
[2019-02-04 17:17:58.609142] [WPBackItUp_Job_Task::get_task_by_id]::[INFO]: Begin
[2019-02-04 17:17:58.613748] [WPBackItUp_Job_Task::setStatus]::[INFO]: Begin
[2019-02-04 17:17:58.613936] [WPBackItUp_Job_Task::save]::[INFO]: Begin
[2019-02-04 17:17:58.621192] [WPBackItUp_Job_Task::get_task_by_id]::[INFO]: Begin
[2019-02-04 17:17:58.624963] [WPBackItUp_Job_Task::setStatus]::[INFO]: Begin
[2019-02-04 17:17:58.625232] [WPBackItUp_Job_Task::save]::[INFO]: Begin
[2019-02-04 17:17:58.632421] [WPBackItUp_Job_Task::get_task_by_id]::[INFO]: Begin
[2019-02-04 17:17:58.697961] [WPBackItUp_Job_Task::setStatus]::[INFO]: Begin
[2019-02-04 17:17:58.698134] [WPBackItUp_Job_Task::save]::[INFO]: Begin
[2019-02-04 17:17:58.709105] [WPBackItUp_Job_Task::get_task_by_id]::[INFO]: Begin
[2019-02-04 17:17:58.720336] [WPBackItUp_Job_Task::setStatus]::[INFO]: Begin
[2019-02-04 17:17:58.720501] [WPBackItUp_Job_Task::save]::[INFO]: Begin
[2019-02-04 17:17:58.731596] [WPBackItUp_Job_Task::get_task_by_id]::[INFO]: Begin
[2019-02-04 17:17:58.742475] [WPBackItUp_Job_Task::setStatus]::[INFO]: Begin
[2019-02-04 17:17:58.743093] [WPBackItUp_Job_Task::save]::[INFO]: Begin
