[2019-02-01 9:49:13.907042] [WPBackitup_Admin::ajax_run_task]::[INFO]: Ajax Run task Fired.
[2019-02-01 9:49:14.145292] [WPBackitup_Admin::ajax_get_restore_status]::[INFO]: User Permissions: 1
[2019-02-01 9:49:17.214234] [WPBackitup_Admin::ajax_run_task]::[INFO]: Ajax Run task Fired.
[2019-02-01 9:49:18.849150] [WPBackitup_Admin::ajax_get_restore_status]::[INFO]: User Permissions: 1
[2019-02-01 9:49:20.854819] [WPBackitup_Admin::ajax_run_task]::[INFO]: Ajax Run task Fired.
[2019-02-01 9:49:25.374638] [WPBackitup_Admin::ajax_run_task]::[INFO]: Ajax Run task Fired.
[2019-02-01 9:49:25.437433] [WPBackitup_Admin::ajax_get_restore_status]::[INFO]: User Permissions: 1
[2019-02-01 9:49:30.392438] [WPBackitup_Admin::ajax_get_restore_status]::[INFO]: User Permissions: 1
[2019-02-01 9:49:31.908060] [WPBackitup_Admin::ajax_run_task]::[INFO]: Ajax Run task Fired.
[2019-02-01 9:49:34.141901] [WPBackitup_Admin::ajax_get_restore_status]::[INFO]: User Permissions: 1
[2019-02-01 9:49:35.079777] [WPBackitup_Admin::ajax_run_task]::[INFO]: Ajax Run task Fired.
[2019-02-01 9:49:38.434462] [WPBackitup_Admin::ajax_run_task]::[INFO]: Ajax Run task Fired.
[2019-02-01 9:49:39.471518] [WPBackitup_Admin::ajax_get_restore_status]::[INFO]: User Permissions: 1
[2019-02-01 9:49:41.826920] [WPBackitup_Admin::ajax_run_task]::[INFO]: Ajax Run task Fired.
[2019-02-01 9:49:44.139202] [WPBackitup_Admin::ajax_get_restore_status]::[INFO]: User Permissions: 1
[2019-02-01 9:49:49.465605] [WPBackitup_Admin::ajax_get_restore_status]::[INFO]: User Permissions: 1
[2019-02-01 9:49:49.591495] [WPBackitup_Admin::ajax_run_task]::[INFO]: Ajax Run task Fired.
[2019-02-01 9:49:53.930032] [WPBackitup_Admin::ajax_run_task]::[INFO]: Ajax Run task Fired.
[2019-02-01 9:49:54.325815] [WPBackitup_Admin::ajax_get_restore_status]::[INFO]: User Permissions: 1
[2019-02-01 9:49:58.902800] [WPBackitup_Admin::ajax_run_task]::[INFO]: Ajax Run task Fired.
[2019-02-01 9:49:59.670380] [WPBackitup_Admin::ajax_get_restore_status]::[INFO]: User Permissions: 1
[2019-02-01 9:50:05.182653] [WPBackitup_Admin::ajax_get_restore_status]::[INFO]: User Permissions: 1
[2019-02-01 9:50:05.450583] [WPBackitup_Admin::ajax_run_task]::[INFO]: Ajax Run task Fired.
[2019-02-01 9:50:09.225975] [WPBackitup_Admin::ajax_run_task]::[INFO]: Ajax Run task Fired.
[2019-02-01 9:50:11.003345] [WPBackitup_Admin::ajax_get_restore_status]::[INFO]: User Permissions: 1
[2019-02-01 9:50:14.218247] [WPBackitup_Admin::ajax_get_restore_status]::[INFO]: User Permissions: 1
[2019-02-01 9:50:16.284483] [WPBackitup_Admin::ajax_run_task]::[INFO]: Ajax Run task Fired.
[2019-02-01 9:50:19.287494] [WPBackitup_Admin::ajax_run_task]::[INFO]: Ajax Run task Fired.
[2019-02-01 9:50:19.475187] [WPBackitup_Admin::ajax_get_restore_status]::[INFO]: User Permissions: 1
[2019-02-01 9:50:24.474983] [WPBackitup_Admin::ajax_get_restore_status]::[INFO]: User Permissions: 1
[2019-02-01 9:50:27.370806] [WPBackitup_Admin::ajax_run_task]::[INFO]: Ajax Run task Fired.
[2019-02-01 9:50:32.838512] [WPBackitup_Admin::ajax_get_restore_status]::[INFO]: User Permissions: 1
[2019-02-01 9:50:34.029841] [WPBackitup_Admin::ajax_get_restore_status]::[INFO]: User Permissions: 1
[2019-02-01 9:50:34.343065] [WPBackitup_Admin::ajax_run_task]::[INFO]: Ajax Run task Fired.
[2019-02-01 9:50:38.780246] [WPBackitup_Admin::ajax_get_restore_status]::[INFO]: User Permissions: 1
[2019-02-01 9:50:38.838844] [WPBackitup_Admin::ajax_run_task]::[INFO]: Ajax Run task Fired.
[2019-02-01 9:50:41.722457] [WPBackitup_Admin::ajax_run_task]::[INFO]: Ajax Run task Fired.
[2019-02-01 9:50:44.095958] [WPBackitup_Admin::ajax_get_restore_status]::[INFO]: User Permissions: 1
[2019-02-01 9:50:44.268702] [WPBackitup_Admin::ajax_run_task]::[INFO]: Ajax Run task Fired.
[2019-02-01 9:50:46.786266] [WPBackitup_Admin::ajax_run_task]::[INFO]: Ajax Run task Fired.
[2019-02-01 9:50:49.076025] [WPBackitup_Admin::ajax_get_restore_status]::[INFO]: User Permissions: 1
[2019-02-01 9:50:49.785111] [WPBackitup_Admin::ajax_run_task]::[INFO]: Ajax Run task Fired.
[2019-02-01 9:50:55.065145] [WPBackitup_Admin::ajax_run_task]::[INFO]: Ajax Run task Fired.
[2019-02-01 9:50:55.262684] [WPBackitup_Admin::ajax_get_restore_status]::[INFO]: User Permissions: 1
[2019-02-01 9:50:57.811990] [WPBackitup_Admin::ajax_run_task]::[INFO]: Ajax Run task Fired.
[2019-02-01 9:51:00.756072] [WPBackitup_Admin::ajax_get_restore_status]::[INFO]: User Permissions: 1
[2019-02-01 9:51:06.254722] [WPBackitup_Admin::ajax_get_restore_status]::[INFO]: User Permissions: 1
[2019-02-01 9:51:07.729660] [WPBackitup_Admin::ajax_run_task]::[INFO]: Ajax Run task Fired.
[2019-02-01 9:51:11.052545] [WPBackitup_Admin::ajax_get_restore_status]::[INFO]: User Permissions: 1
[2019-02-01 9:51:15.243185] [WPBackitup_Admin::ajax_get_restore_status]::[INFO]: User Permissions: 1
[2019-02-01 9:51:16.495348] [WPBackitup_Admin::ajax_run_task]::[INFO]: Ajax Run task Fired.
[2019-02-01 9:51:20.940285] [WPBackitup_Admin::ajax_run_task]::[INFO]: Ajax Run task Fired.
[2019-02-01 9:51:20.995937] [WPBackitup_Admin::ajax_get_restore_status]::[INFO]: User Permissions: 1
[2019-02-01 9:51:24.911767] [WPBackitup_Admin::ajax_run_task]::[INFO]: Ajax Run task Fired.
[2019-02-01 9:51:24.916140] [WPBackitup_Admin::ajax_get_restore_status]::[INFO]: User Permissions: 1
[2019-02-01 9:51:29.018668] [WPBackitup_Admin::ajax_get_restore_status]::[INFO]: User Permissions: 1
[2019-02-01 9:51:31.516037] [WPBackitup_Admin::ajax_run_task]::[INFO]: Ajax Run task Fired.
[2019-02-01 9:51:35.410331] [WPBackitup_Admin::ajax_run_task]::[INFO]: Ajax Run task Fired.
[2019-02-01 9:51:37.496665] [WPBackitup_Admin::ajax_get_restore_status]::[INFO]: User Permissions: 1
[2019-02-01 9:51:39.461949] [WPBackitup_Admin::ajax_get_restore_status]::[INFO]: User Permissions: 1
[2019-02-01 9:51:43.921907] [WPBackitup_Admin::ajax_run_task]::[INFO]: Ajax Run task Fired.
[2019-02-01 9:51:44.995115] [WPBackitup_Admin::ajax_get_restore_status]::[INFO]: User Permissions: 1
[2019-02-01 9:51:49.208128] [WPBackitup_Admin::ajax_run_task]::[INFO]: Ajax Run task Fired.
[2019-02-01 9:51:49.557039] [WPBackitup_Admin::ajax_get_restore_status]::[INFO]: User Permissions: 1
[2019-02-01 9:51:53.334870] [WPBackitup_Admin::ajax_run_task]::[INFO]: Ajax Run task Fired.
[2019-02-01 9:51:53.954452] [WPBackitup_Admin::ajax_get_restore_status]::[INFO]: User Permissions: 1
[2019-02-01 9:52:01.377994] [WPBackitup_Admin::ajax_run_task]::[INFO]: Ajax Run task Fired.
[2019-02-01 9:52:01.445620] [WPBackitup_Admin::ajax_get_restore_status]::[INFO]: User Permissions: 1
[2019-02-01 9:52:06.986016] [WPBackitup_Admin::ajax_get_restore_status]::[INFO]: User Permissions: 1
[2019-02-01 9:52:08.373338] [WPBackitup_Admin::ajax_run_task]::[INFO]: Ajax Run task Fired.
[2019-02-01 9:52:11.008075] [WPBackitup_Admin::ajax_get_restore_status]::[INFO]: User Permissions: 1
[2019-02-01 9:52:11.645839] [WPBackitup_Admin::ajax_run_task]::[INFO]: Ajax Run task Fired.
[2019-02-01 9:52:16.631768] [WPBackitup_Admin::ajax_get_restore_status]::[INFO]: User Permissions: 1
[2019-02-01 9:52:21.004137] [WPBackitup_Admin::ajax_get_restore_status]::[INFO]: User Permissions: 1
[2019-02-01 9:52:21.668808] [WPBackitup_Admin::ajax_run_task]::[INFO]: Ajax Run task Fired.
[2019-02-01 9:52:25.285685] [WPBackitup_Admin::ajax_get_restore_status]::[INFO]: User Permissions: 1
[2019-02-01 9:52:29.167681] [WPBackitup_Admin::ajax_get_restore_status]::[INFO]: User Permissions: 1
[2019-02-01 9:52:29.426053] [WPBackitup_Admin::ajax_run_task]::[INFO]: Ajax Run task Fired.
[2019-02-01 9:52:32.010240] [WPBackitup_Admin::ajax_run_task]::[INFO]: Ajax Run task Fired.
[2019-02-01 9:52:34.208929] [WPBackitup_Admin::ajax_get_restore_status]::[INFO]: User Permissions: 1
[2019-02-01 9:52:39.778523] [WPBackitup_Admin::ajax_get_restore_status]::[INFO]: User Permissions: 1
[2019-02-01 9:52:39.895929] [WPBackitup_Admin::ajax_run_task]::[INFO]: Ajax Run task Fired.
[2019-02-01 9:52:43.642401] [WPBackitup_Admin::ajax_run_task]::[INFO]: Ajax Run task Fired.
[2019-02-01 9:52:44.311842] [WPBackitup_Admin::ajax_get_restore_status]::[INFO]: User Permissions: 1
[2019-02-01 9:52:49.575968] [WPBackitup_Admin::ajax_get_restore_status]::[INFO]: User Permissions: 1
[2019-02-01 9:52:51.457720] [WPBackitup_Admin::ajax_run_task]::[INFO]: Ajax Run task Fired.
[2019-02-01 9:52:54.499603] [WPBackitup_Admin::ajax_get_restore_status]::[INFO]: User Permissions: 1
[2019-02-01 9:52:59.457650] [WPBackitup_Admin::ajax_run_task]::[INFO]: Ajax Run task Fired.
[2019-02-01 9:53:00.279830] [WPBackitup_Admin::ajax_get_restore_status]::[INFO]: User Permissions: 1
[2019-02-01 9:53:03.790743] [WPBackitup_Admin::ajax_run_task]::[INFO]: Ajax Run task Fired.
[2019-02-01 9:53:04.150485] [WPBackitup_Admin::ajax_get_restore_status]::[INFO]: User Permissions: 1
[2019-02-01 9:53:09.295541] [WPBackitup_Admin::ajax_run_task]::[INFO]: Ajax Run task Fired.
[2019-02-01 9:53:12.043843] [WPBackitup_Admin::ajax_get_restore_status]::[INFO]: User Permissions: 1
[2019-02-01 9:53:14.285674] [WPBackitup_Admin::ajax_get_restore_status]::[INFO]: User Permissions: 1
[2019-02-01 9:53:15.517642] [WPBackitup_Admin::ajax_run_task]::[INFO]: Ajax Run task Fired.
[2019-02-01 9:53:19.038481] [WPBackitup_Admin::ajax_run_task]::[INFO]: Ajax Run task Fired.
[2019-02-01 9:53:19.478548] [WPBackitup_Admin::ajax_get_restore_status]::[INFO]: User Permissions: 1
[2019-02-01 9:53:22.387016] [WPBackitup_Admin::ajax_run_task]::[INFO]: Ajax Run task Fired.
[2019-02-01 9:53:24.157623] [WPBackitup_Admin::ajax_get_restore_status]::[INFO]: User Permissions: 1
[2019-02-01 9:53:25.883399] [WPBackitup_Admin::ajax_run_task]::[INFO]: Ajax Run task Fired.
[2019-02-01 9:53:29.111864] [WPBackitup_Admin::ajax_get_restore_status]::[INFO]: User Permissions: 1
[2019-02-01 9:53:29.922621] [WPBackitup_Admin::ajax_run_task]::[INFO]: Ajax Run task Fired.
[2019-02-01 9:53:33.431647] [WPBackitup_Admin::ajax_run_task]::[INFO]: Ajax Run task Fired.
[2019-02-01 9:53:34.544898] [WPBackitup_Admin::ajax_get_restore_status]::[INFO]: User Permissions: 1
[2019-02-01 9:53:37.519496] [WPBackitup_Admin::ajax_run_task]::[INFO]: Ajax Run task Fired.
[2019-02-01 9:53:39.265940] [WPBackitup_Admin::ajax_get_restore_status]::[INFO]: User Permissions: 1
[2019-02-01 9:53:41.232119] [WPBackitup_Admin::ajax_run_task]::[INFO]: Ajax Run task Fired.
[2019-02-01 9:53:45.015805] [WPBackitup_Admin::ajax_get_restore_status]::[INFO]: User Permissions: 1
[2019-02-01 9:53:45.463566] [WPBackitup_Admin::ajax_run_task]::[INFO]: Ajax Run task Fired.
[2019-02-01 9:53:48.505722] [WPBackitup_Admin::ajax_run_task]::[INFO]: Ajax Run task Fired.
[2019-02-01 9:53:49.622479] [WPBackitup_Admin::ajax_get_restore_status]::[INFO]: User Permissions: 1
[2019-02-01 9:53:54.649208] [WPBackitup_Admin::ajax_run_task]::[INFO]: Ajax Run task Fired.
[2019-02-01 9:53:54.681495] [WPBackitup_Admin::ajax_get_restore_status]::[INFO]: User Permissions: 1
[2019-02-01 9:54:00.252043] [WPBackitup_Admin::ajax_get_restore_status]::[INFO]: User Permissions: 1
[2019-02-01 9:54:02.941154] [WPBackitup_Admin::ajax_run_task]::[INFO]: Ajax Run task Fired.
[2019-02-01 9:54:05.026895] [WPBackitup_Admin::ajax_get_restore_status]::[INFO]: User Permissions: 1
[2019-02-01 9:54:07.696244] [WPBackitup_Admin::ajax_run_task]::[INFO]: Ajax Run task Fired.
[2019-02-01 9:54:09.733726] [WPBackitup_Admin::ajax_get_restore_status]::[INFO]: User Permissions: 1
[2019-02-01 9:54:11.831334] [WPBackitup_Admin::ajax_run_task]::[INFO]: Ajax Run task Fired.
[2019-02-01 9:54:13.908859] [WPBackitup_Admin::ajax_get_restore_status]::[INFO]: User Permissions: 1
[2019-02-01 9:54:16.678673] [WPBackitup_Admin::ajax_run_task]::[INFO]: Ajax Run task Fired.
[2019-02-01 9:54:19.199501] [WPBackitup_Admin::ajax_get_restore_status]::[INFO]: User Permissions: 1
[2019-02-01 9:54:19.999125] [WPBackitup_Admin::ajax_run_task]::[INFO]: Ajax Run task Fired.
[2019-02-01 9:54:25.460306] [WPBackitup_Admin::ajax_run_task]::[INFO]: Ajax Run task Fired.
[2019-02-01 9:54:25.534554] [WPBackitup_Admin::ajax_get_restore_status]::[INFO]: User Permissions: 1
[2019-02-01 9:54:28.764728] [WPBackitup_Admin::ajax_run_task]::[INFO]: Ajax Run task Fired.
[2019-02-01 9:54:28.992281] [WPBackitup_Admin::ajax_get_restore_status]::[INFO]: User Permissions: 1
[2019-02-01 9:54:31.765425] [WPBackitup_Admin::ajax_run_task]::[INFO]: Ajax Run task Fired.
[2019-02-01 9:54:34.403062] [WPBackitup_Admin::ajax_get_restore_status]::[INFO]: User Permissions: 1
[2019-02-01 9:54:37.386223] [WPBackitup_Admin::ajax_run_task]::[INFO]: Ajax Run task Fired.
[2019-02-01 9:54:39.167808] [WPBackitup_Admin::ajax_get_restore_status]::[INFO]: User Permissions: 1
[2019-02-01 9:54:43.245785] [WPBackitup_Admin::ajax_run_task]::[INFO]: Ajax Run task Fired.
[2019-02-01 9:54:45.075431] [WPBackitup_Admin::ajax_get_restore_status]::[INFO]: User Permissions: 1
[2019-02-01 9:54:47.523792] [WPBackitup_Admin::ajax_run_task]::[INFO]: Ajax Run task Fired.
[2019-02-01 9:54:49.711121] [WPBackitup_Admin::ajax_get_restore_status]::[INFO]: User Permissions: 1
[2019-02-01 9:54:50.592468] [WPBackitup_Admin::ajax_run_task]::[INFO]: Ajax Run task Fired.
[2019-02-01 9:54:53.998590] [WPBackitup_Admin::ajax_run_task]::[INFO]: Ajax Run task Fired.
[2019-02-01 9:54:54.490576] [WPBackitup_Admin::ajax_get_restore_status]::[INFO]: User Permissions: 1
[2019-02-01 9:55:00.943701] [WPBackitup_Admin::ajax_run_task]::[INFO]: Ajax Run task Fired.
[2019-02-01 9:55:03.158063] [WPBackitup_Admin::ajax_get_restore_status]::[INFO]: User Permissions: 1
[2019-02-01 9:55:04.694041] [WPBackitup_Admin::ajax_get_restore_status]::[INFO]: User Permissions: 1
[2019-02-01 9:55:09.354814] [WPBackitup_Admin::ajax_run_task]::[INFO]: Ajax Run task Fired.
[2019-02-01 9:55:09.436237] [WPBackitup_Admin::ajax_get_restore_status]::[INFO]: User Permissions: 1
[2019-02-01 9:55:14.657445] [WPBackitup_Admin::ajax_get_restore_status]::[INFO]: User Permissions: 1
[2019-02-01 9:55:15.034972] [WPBackitup_Admin::ajax_run_task]::[INFO]: Ajax Run task Fired.
[2019-02-01 9:55:17.851284] [WPBackitup_Admin::ajax_run_task]::[INFO]: Ajax Run task Fired.
[2019-02-01 9:55:20.635860] [WPBackitup_Admin::ajax_get_restore_status]::[INFO]: User Permissions: 1
[2019-02-01 9:55:20.931457] [WPBackitup_Admin::ajax_run_task]::[INFO]: Ajax Run task Fired.
[2019-02-01 9:55:24.038513] [WPBackitup_Admin::ajax_get_restore_status]::[INFO]: User Permissions: 1
[2019-02-01 9:55:24.181816] [WPBackitup_Admin::ajax_run_task]::[INFO]: Ajax Run task Fired.
[2019-02-01 9:55:27.192229] [WPBackitup_Admin::ajax_run_task]::[INFO]: Ajax Run task Fired.
[2019-02-01 9:55:29.172498] [WPBackitup_Admin::ajax_get_restore_status]::[INFO]: User Permissions: 1
[2019-02-01 9:55:31.292427] [WPBackitup_Admin::ajax_run_task]::[INFO]: Ajax Run task Fired.
[2019-02-01 9:55:34.405096] [WPBackitup_Admin::ajax_get_restore_status]::[INFO]: User Permissions: 1
[2019-02-01 9:55:37.242773] [WPBackitup_Admin::ajax_run_task]::[INFO]: Ajax Run task Fired.
[2019-02-01 9:55:39.434906] [WPBackitup_Admin::ajax_get_restore_status]::[INFO]: User Permissions: 1
[2019-02-01 9:55:41.147766] [WPBackitup_Admin::ajax_run_task]::[INFO]: Ajax Run task Fired.
[2019-02-01 9:55:43.656276] [WPBackitup_Admin::ajax_run_task]::[INFO]: Ajax Run task Fired.
[2019-02-01 9:55:43.998771] [WPBackitup_Admin::ajax_get_restore_status]::[INFO]: User Permissions: 1
[2019-02-01 9:55:47.008239] [WPBackitup_Admin::ajax_run_task]::[INFO]: Ajax Run task Fired.
[2019-02-01 9:55:49.627562] [WPBackitup_Admin::ajax_get_restore_status]::[INFO]: User Permissions: 1
[2019-02-01 9:55:59.594314] [WPBackitup_Admin::ajax_get_restore_status]::[INFO]: User Permissions: 1
[2019-02-01 9:56:05.745414] [WPBackitup_Admin::ajax_get_restore_status]::[INFO]: User Permissions: 1
[2019-02-01 10:20:25.127172] [WPBackitup_Admin::ajax_queue_restore]::[INFO]: Begin
[2019-02-01 10:20:26.437793] [WPBackitup_Admin::ajax_queue_restore]::[INFO]: RtnData:Restore Queued
[2019-02-01 10:20:26.437937] [WPBackitup_Admin::ajax_queue_restore]::[INFO]: End
[2019-02-01 10:20:29.811472] [WPBackitup_Admin::ajax_get_restore_status]::[INFO]: User Permissions: 1
[2019-02-01 10:20:32.257052] [WPBackitup_Admin::ajax_run_task]::[INFO]: Ajax Run task Fired.
[2019-02-01 10:20:38.883157] [WPBackitup_Admin::ajax_run_task]::[INFO]: Ajax Run task Fired.
[2019-02-01 10:20:43.167308] [WPBackitup_Admin::ajax_run_task]::[INFO]: Ajax Run task Fired.
[2019-02-01 10:20:47.990916] [WPBackitup_Admin::ajax_run_task]::[INFO]: Ajax Run task Fired.
[2019-02-01 10:22:25.471982] [WPBackitup_Admin::ajax_run_task]::[INFO]: Ajax Run task Fired.
