[2019-02-01 8:12:10.862947] [wpbackitup_update_database]::[INFO]: Running database upgrade routines.
[2019-02-01 8:12:10.863195] [wpbackitup_update_database]::[INFO]: Current DB version:0
[2019-02-01 8:12:10.863271] [wpbackitup_update_database]::[INFO]: Target DB version:4
[2019-02-01 8:12:10.863337] [wpbackitup_update_database]::[INFO]: New Install.
[2019-02-01 8:12:10.907973] [debug] *** DROP JOB TABLES ***
[2019-02-01 8:12:10.908159] [wpbackitup_create_custom_tables]::[INFO]: Drop OLD Job Table:DROP TABLE IF EXISTS wp_wpbackitup_job;
[2019-02-01 8:12:10.909508] [wpbackitup_create_custom_tables]::[INFO]: OLD Job Table Dropped successfully
[2019-02-01 8:12:10.909603] [wpbackitup_create_custom_tables]::[INFO]: Drop Job Table:DROP TABLE IF EXISTS wp_wpbackitup_job_control;
[2019-02-01 8:12:10.910301] [wpbackitup_create_custom_tables]::[INFO]: Job Table Dropped successfully
[2019-02-01 8:12:10.910377] [wpbackitup_create_custom_tables]::[INFO]: Drop Task Table:DROP TABLE IF EXISTS wp_wpbackitup_job_tasks;
[2019-02-01 8:12:10.913196] [wpbackitup_create_custom_tables]::[INFO]: Task Table Dropped successfully
[2019-02-01 8:12:10.913269] [wpbackitup_create_custom_tables]::[INFO]: Drop Job Table:DROP TABLE IF EXISTS wp_wpbackitup_job_items;
[2019-02-01 8:12:10.913970] [wpbackitup_create_custom_tables]::[INFO]: Item Table Dropped successfully
[2019-02-01 8:12:10.914074] [debug] *** END DROP JOB TABLES ***
[2019-02-01 8:12:10.914135] [debug] *** CREATE JOB TABLES ***
[2019-02-01 8:12:10.973110] [wpbackitup_create_custom_tables]::[INFO]: Table Created:wp_wpbackitup_job_control
[2019-02-01 8:12:11.003592] [wpbackitup_create_custom_tables]::[INFO]: Table Created:wp_wpbackitup_job_tasks
[2019-02-01 8:12:11.044848] [wpbackitup_create_custom_tables]::[INFO]: Table Created:wp_wpbackitup_job_items
[2019-02-01 8:12:11.045026] [debug] *** END CREATE JOB TABLES ***
[2019-02-01 8:12:11.045087] [debug] ***SCAN & IMPORT BACKUPS ***
[2019-02-01 8:12:11.079282] [wpbackitup_scan_import_backups]::[INFO]: Backup Sets Found:array (
)
[2019-02-01 8:12:11.079427] [debug] ***END SCAN & IMPORT BACKUPS ***
[2019-02-01 8:12:11.097810] [wpbackitup_update_database]::[INFO]: Updated Db version in settings:4
