[2019-02-01 9:52:54.598680] [WPBackItUp_Job_Item::get_item_batch_by_group]::[INFO]: Begin
[2019-02-01 9:52:54.990920] [WPBackItUp_Job_Item::setStatus]::[INFO]: Begin
[2019-02-01 9:52:55.008366] [WPBackItUp_Job_Item::get_open_item_count]::[INFO]: Begin
[2019-02-01 9:52:55.111315] [WPBackItUp_Job_Item::__destruct]::[INFO]: Begin
[2019-02-01 9:52:55.111375] [WPBackItUp_Job_Item::__destruct]::[INFO]: End
[2019-02-01 9:53:00.011615] [WPBackItUp_Job_Item::get_item_batch_by_group]::[INFO]: Begin
[2019-02-01 9:53:00.523612] [WPBackItUp_Job_Item::setStatus]::[INFO]: Begin
[2019-02-01 9:53:00.526015] [WPBackItUp_Job_Item::get_open_item_count]::[INFO]: Begin
[2019-02-01 9:53:00.528562] [WPBackItUp_Job_Item::__destruct]::[INFO]: Begin
[2019-02-01 9:53:00.528619] [WPBackItUp_Job_Item::__destruct]::[INFO]: End
[2019-02-01 9:53:03.920121] [WPBackItUp_Job_Item::get_item_batch_by_group]::[INFO]: Begin
[2019-02-01 9:53:04.536878] [WPBackItUp_Job_Item::setStatus]::[INFO]: Begin
[2019-02-01 9:53:04.545046] [WPBackItUp_Job_Item::get_open_item_count]::[INFO]: Begin
[2019-02-01 9:53:04.674391] [WPBackItUp_Job_Item::__destruct]::[INFO]: Begin
[2019-02-01 9:53:04.674457] [WPBackItUp_Job_Item::__destruct]::[INFO]: End
[2019-02-01 9:53:10.467124] [WPBackItUp_Job_Item::get_item_batch_by_group]::[INFO]: Begin
[2019-02-01 9:53:12.486825] [WPBackItUp_Job_Item::setStatus]::[INFO]: Begin
[2019-02-01 9:53:12.555628] [WPBackItUp_Job_Item::get_open_item_count]::[INFO]: Begin
[2019-02-01 9:53:12.560762] [WPBackItUp_Job_Item::__destruct]::[INFO]: Begin
[2019-02-01 9:53:12.560839] [WPBackItUp_Job_Item::__destruct]::[INFO]: End
[2019-02-01 9:53:14.422538] [WPBackItUp_Job_Item::get_item_batch_by_group]::[INFO]: Begin
[2019-02-01 9:53:14.760399] [WPBackItUp_Job_Item::setStatus]::[INFO]: Begin
[2019-02-01 9:53:14.768987] [WPBackItUp_Job_Item::get_open_item_count]::[INFO]: Begin
[2019-02-01 9:53:14.772980] [WPBackItUp_Job_Item::__destruct]::[INFO]: Begin
[2019-02-01 9:53:14.773046] [WPBackItUp_Job_Item::__destruct]::[INFO]: End
[2019-02-01 9:53:15.645287] [WPBackItUp_Job_Item::get_item_batch_by_group]::[INFO]: Begin
[2019-02-01 9:53:15.772145] [WPBackItUp_Job_Item::setStatus]::[INFO]: Begin
[2019-02-01 9:53:15.779318] [WPBackItUp_Job_Item::get_open_item_count]::[INFO]: Begin
[2019-02-01 9:53:15.781075] [WPBackItUp_Job_Item::__destruct]::[INFO]: Begin
[2019-02-01 9:53:15.781127] [WPBackItUp_Job_Item::__destruct]::[INFO]: End
[2019-02-01 9:53:19.345325] [WPBackItUp_Job_Item::get_item_batch_by_group]::[INFO]: Begin
[2019-02-01 9:53:19.716907] [WPBackItUp_Job_Item::setStatus]::[INFO]: Begin
[2019-02-01 9:53:19.719055] [WPBackItUp_Job_Item::get_open_item_count]::[INFO]: Begin
[2019-02-01 9:53:19.738250] [WPBackItUp_Job_Item::__destruct]::[INFO]: Begin
[2019-02-01 9:53:19.738537] [WPBackItUp_Job_Item::__destruct]::[INFO]: End
[2019-02-01 9:53:22.463637] [WPBackItUp_Job_Item::get_item_batch_by_group]::[INFO]: Begin
[2019-02-01 9:53:22.787734] [WPBackItUp_Job_Item::setStatus]::[INFO]: Begin
[2019-02-01 9:53:22.815205] [WPBackItUp_Job_Item::get_open_item_count]::[INFO]: Begin
[2019-02-01 9:53:22.951239] [WPBackItUp_Job_Item::__destruct]::[INFO]: Begin
[2019-02-01 9:53:22.951297] [WPBackItUp_Job_Item::__destruct]::[INFO]: End
[2019-02-01 9:53:24.239289] [WPBackItUp_Job_Item::get_item_batch_by_group]::[INFO]: Begin
[2019-02-01 9:53:24.972976] [WPBackItUp_Job_Item::setStatus]::[INFO]: Begin
[2019-02-01 9:53:24.982836] [WPBackItUp_Job_Item::get_open_item_count]::[INFO]: Begin
[2019-02-01 9:53:24.994575] [WPBackItUp_Job_Item::__destruct]::[INFO]: Begin
[2019-02-01 9:53:24.994647] [WPBackItUp_Job_Item::__destruct]::[INFO]: End
[2019-02-01 9:53:25.921766] [WPBackItUp_Job_Item::get_item_batch_by_group]::[INFO]: Begin
[2019-02-01 9:53:26.491533] [WPBackItUp_Job_Item::setStatus]::[INFO]: Begin
[2019-02-01 9:53:26.507339] [WPBackItUp_Job_Item::get_open_item_count]::[INFO]: Begin
[2019-02-01 9:53:26.510230] [WPBackItUp_Job_Item::__destruct]::[INFO]: Begin
[2019-02-01 9:53:26.510273] [WPBackItUp_Job_Item::__destruct]::[INFO]: End
[2019-02-01 9:53:29.231688] [WPBackItUp_Job_Item::get_item_batch_by_group]::[INFO]: Begin
[2019-02-01 9:53:29.709733] [WPBackItUp_Job_Item::setStatus]::[INFO]: Begin
[2019-02-01 9:53:29.717430] [WPBackItUp_Job_Item::get_open_item_count]::[INFO]: Begin
[2019-02-01 9:53:29.731769] [WPBackItUp_Job_Item::__destruct]::[INFO]: Begin
[2019-02-01 9:53:29.731863] [WPBackItUp_Job_Item::__destruct]::[INFO]: End
[2019-02-01 9:53:30.116811] [WPBackItUp_Job_Item::get_item_batch_by_group]::[INFO]: Begin
[2019-02-01 9:53:30.635771] [WPBackItUp_Job_Item::setStatus]::[INFO]: Begin
[2019-02-01 9:53:30.638880] [WPBackItUp_Job_Item::get_open_item_count]::[INFO]: Begin
[2019-02-01 9:53:30.681444] [WPBackItUp_Job_Item::__destruct]::[INFO]: Begin
[2019-02-01 9:53:30.681498] [WPBackItUp_Job_Item::__destruct]::[INFO]: End
[2019-02-01 9:53:33.511800] [WPBackItUp_Job_Item::get_item_batch_by_group]::[INFO]: Begin
[2019-02-01 9:53:33.986859] [WPBackItUp_Job_Item::setStatus]::[INFO]: Begin
[2019-02-01 9:53:33.998739] [WPBackItUp_Job_Item::get_open_item_count]::[INFO]: Begin
[2019-02-01 9:53:34.003488] [WPBackItUp_Job_Item::__destruct]::[INFO]: Begin
[2019-02-01 9:53:34.020065] [WPBackItUp_Job_Item::__destruct]::[INFO]: End
[2019-02-01 9:53:34.645023] [WPBackItUp_Job_Item::get_item_batch_by_group]::[INFO]: Begin
[2019-02-01 9:53:35.932951] [WPBackItUp_Job_Item::setStatus]::[INFO]: Begin
[2019-02-01 9:53:36.017571] [WPBackItUp_Job_Item::get_open_item_count]::[INFO]: Begin
[2019-02-01 9:53:36.054510] [WPBackItUp_Job_Item::__destruct]::[INFO]: Begin
[2019-02-01 9:53:36.054572] [WPBackItUp_Job_Item::__destruct]::[INFO]: End
[2019-02-01 9:53:37.752986] [WPBackItUp_Job_Item::get_item_batch_by_group]::[INFO]: Begin
[2019-02-01 9:53:38.029499] [WPBackItUp_Job_Item::setStatus]::[INFO]: Begin
[2019-02-01 9:53:38.086870] [WPBackItUp_Job_Item::get_open_item_count]::[INFO]: Begin
[2019-02-01 9:53:38.095422] [WPBackItUp_Job_Item::__destruct]::[INFO]: Begin
[2019-02-01 9:53:38.095473] [WPBackItUp_Job_Item::__destruct]::[INFO]: End
[2019-02-01 9:53:39.549681] [WPBackItUp_Job_Item::get_item_batch_by_group]::[INFO]: Begin
[2019-02-01 9:53:39.906810] [WPBackItUp_Job_Item::setStatus]::[INFO]: Begin
[2019-02-01 9:53:39.925864] [WPBackItUp_Job_Item::get_open_item_count]::[INFO]: Begin
[2019-02-01 9:53:39.947359] [WPBackItUp_Job_Item::__destruct]::[INFO]: Begin
[2019-02-01 9:53:39.947403] [WPBackItUp_Job_Item::__destruct]::[INFO]: End
[2019-02-01 9:53:41.412832] [WPBackItUp_Job_Item::get_item_batch_by_group]::[INFO]: Begin
[2019-02-01 9:53:41.958549] [WPBackItUp_Job_Item::setStatus]::[INFO]: Begin
[2019-02-01 9:53:42.002223] [WPBackItUp_Job_Item::get_open_item_count]::[INFO]: Begin
[2019-02-01 9:53:42.120564] [WPBackItUp_Job_Item::__destruct]::[INFO]: Begin
[2019-02-01 9:53:42.120625] [WPBackItUp_Job_Item::__destruct]::[INFO]: End
[2019-02-01 9:53:45.129673] [WPBackItUp_Job_Item::get_item_batch_by_group]::[INFO]: Begin
[2019-02-01 9:53:45.891396] [WPBackItUp_Job_Item::setStatus]::[INFO]: Begin
[2019-02-01 9:53:45.906528] [WPBackItUp_Job_Item::get_open_item_count]::[INFO]: Begin
[2019-02-01 9:53:45.910406] [WPBackItUp_Job_Item::__destruct]::[INFO]: Begin
[2019-02-01 9:53:45.910458] [WPBackItUp_Job_Item::__destruct]::[INFO]: End
[2019-02-01 9:53:48.673857] [WPBackItUp_Job_Item::get_item_batch_by_group]::[INFO]: Begin
[2019-02-01 9:53:49.431554] [WPBackItUp_Job_Item::setStatus]::[INFO]: Begin
[2019-02-01 9:53:49.495265] [WPBackItUp_Job_Item::get_open_item_count]::[INFO]: Begin
[2019-02-01 9:53:49.497277] [WPBackItUp_Job_Item::__destruct]::[INFO]: Begin
[2019-02-01 9:53:49.497318] [WPBackItUp_Job_Item::__destruct]::[INFO]: End
[2019-02-01 9:53:49.782675] [WPBackItUp_Job_Item::get_item_batch_by_group]::[INFO]: Begin
[2019-02-01 9:53:50.972280] [WPBackItUp_Job_Item::setStatus]::[INFO]: Begin
[2019-02-01 9:53:51.022943] [WPBackItUp_Job_Item::get_open_item_count]::[INFO]: Begin
[2019-02-01 9:53:51.032459] [WPBackItUp_Job_Item::__destruct]::[INFO]: Begin
[2019-02-01 9:53:51.032509] [WPBackItUp_Job_Item::__destruct]::[INFO]: End
[2019-02-01 9:53:54.766998] [WPBackItUp_Job_Item::get_item_batch_by_group]::[INFO]: Begin
[2019-02-01 9:53:56.973697] [WPBackItUp_Job_Item::setStatus]::[INFO]: Begin
[2019-02-01 9:53:57.221645] [WPBackItUp_Job_Item::get_open_item_count]::[INFO]: Begin
[2019-02-01 9:53:57.251661] [WPBackItUp_Job_Item::__destruct]::[INFO]: Begin
[2019-02-01 9:53:57.251713] [WPBackItUp_Job_Item::__destruct]::[INFO]: End
[2019-02-01 9:54:00.546633] [WPBackItUp_Job_Item::get_item_batch_by_group]::[INFO]: Begin
[2019-02-01 9:54:01.719749] [WPBackItUp_Job_Item::setStatus]::[INFO]: Begin
[2019-02-01 9:54:01.730410] [WPBackItUp_Job_Item::get_open_item_count]::[INFO]: Begin
[2019-02-01 9:54:01.732209] [WPBackItUp_Job_Item::__destruct]::[INFO]: Begin
[2019-02-01 9:54:01.732270] [WPBackItUp_Job_Item::__destruct]::[INFO]: End
[2019-02-01 9:54:02.983524] [WPBackItUp_Job_Item::get_item_batch_by_group]::[INFO]: Begin
[2019-02-01 9:54:04.435811] [WPBackItUp_Job_Item::setStatus]::[INFO]: Begin
[2019-02-01 9:54:04.443551] [WPBackItUp_Job_Item::get_open_item_count]::[INFO]: Begin
[2019-02-01 9:54:04.448751] [WPBackItUp_Job_Item::__destruct]::[INFO]: Begin
[2019-02-01 9:54:04.448812] [WPBackItUp_Job_Item::__destruct]::[INFO]: End
[2019-02-01 9:54:05.202727] [WPBackItUp_Job_Item::get_item_batch_by_group]::[INFO]: Begin
[2019-02-01 9:54:06.539050] [WPBackItUp_Job_Item::setStatus]::[INFO]: Begin
[2019-02-01 9:54:06.631140] [WPBackItUp_Job_Item::get_open_item_count]::[INFO]: Begin
[2019-02-01 9:54:06.635225] [WPBackItUp_Job_Item::__destruct]::[INFO]: Begin
[2019-02-01 9:54:06.635273] [WPBackItUp_Job_Item::__destruct]::[INFO]: End
[2019-02-01 9:54:07.747983] [WPBackItUp_Job_Item::get_item_batch_by_group]::[INFO]: Begin
[2019-02-01 9:54:08.436463] [WPBackItUp_Job_Item::setStatus]::[INFO]: Begin
[2019-02-01 9:54:08.474648] [WPBackItUp_Job_Item::get_open_item_count]::[INFO]: Begin
[2019-02-01 9:54:08.485642] [WPBackItUp_Job_Item::__destruct]::[INFO]: Begin
[2019-02-01 9:54:08.485702] [WPBackItUp_Job_Item::__destruct]::[INFO]: End
[2019-02-01 9:54:09.985569] [WPBackItUp_Job_Item::get_item_batch_by_group]::[INFO]: Begin
[2019-02-01 9:54:11.071943] [WPBackItUp_Job_Item::setStatus]::[INFO]: Begin
[2019-02-01 9:54:11.077256] [WPBackItUp_Job_Item::get_open_item_count]::[INFO]: Begin
[2019-02-01 9:54:11.085443] [WPBackItUp_Job_Item::__destruct]::[INFO]: Begin
[2019-02-01 9:54:11.085510] [WPBackItUp_Job_Item::__destruct]::[INFO]: End
[2019-02-01 9:54:11.899360] [WPBackItUp_Job_Item::get_item_batch_by_group]::[INFO]: Begin
[2019-02-01 9:54:12.271614] [WPBackItUp_Job_Item::setStatus]::[INFO]: Begin
[2019-02-01 9:54:12.283032] [WPBackItUp_Job_Item::get_open_item_count]::[INFO]: Begin
[2019-02-01 9:54:12.305387] [WPBackItUp_Job_Item::__destruct]::[INFO]: Begin
[2019-02-01 9:54:12.305452] [WPBackItUp_Job_Item::__destruct]::[INFO]: End
[2019-02-01 9:54:13.988998] [WPBackItUp_Job_Item::get_item_batch_by_group]::[INFO]: Begin
[2019-02-01 9:54:15.542429] [WPBackItUp_Job_Item::setStatus]::[INFO]: Begin
[2019-02-01 9:54:15.567095] [WPBackItUp_Job_Item::get_open_item_count]::[INFO]: Begin
[2019-02-01 9:54:15.570517] [WPBackItUp_Job_Item::__destruct]::[INFO]: Begin
[2019-02-01 9:54:15.570576] [WPBackItUp_Job_Item::__destruct]::[INFO]: End
[2019-02-01 9:54:16.731163] [WPBackItUp_Job_Item::get_item_batch_by_group]::[INFO]: Begin
[2019-02-01 9:54:17.246756] [WPBackItUp_Job_Item::setStatus]::[INFO]: Begin
[2019-02-01 9:54:17.253158] [WPBackItUp_Job_Item::get_open_item_count]::[INFO]: Begin
[2019-02-01 9:54:17.255527] [WPBackItUp_Job_Item::__destruct]::[INFO]: Begin
[2019-02-01 9:54:17.255587] [WPBackItUp_Job_Item::__destruct]::[INFO]: End
[2019-02-01 9:54:19.334521] [WPBackItUp_Job_Item::get_item_batch_by_group]::[INFO]: Begin
[2019-02-01 9:54:19.835565] [WPBackItUp_Job_Item::setStatus]::[INFO]: Begin
[2019-02-01 9:54:19.837580] [WPBackItUp_Job_Item::get_open_item_count]::[INFO]: Begin
[2019-02-01 9:54:19.842327] [WPBackItUp_Job_Item::__destruct]::[INFO]: Begin
[2019-02-01 9:54:19.842379] [WPBackItUp_Job_Item::__destruct]::[INFO]: End
[2019-02-01 9:54:20.122441] [WPBackItUp_Job_Item::get_item_batch_by_group]::[INFO]: Begin
[2019-02-01 9:54:20.842557] [WPBackItUp_Job_Item::setStatus]::[INFO]: Begin
[2019-02-01 9:54:20.866538] [WPBackItUp_Job_Item::get_open_item_count]::[INFO]: Begin
[2019-02-01 9:54:20.889058] [WPBackItUp_Job_Item::__destruct]::[INFO]: Begin
[2019-02-01 9:54:20.889108] [WPBackItUp_Job_Item::__destruct]::[INFO]: End
[2019-02-01 9:54:25.827822] [WPBackItUp_Job_Item::get_item_batch_by_group]::[INFO]: Begin
[2019-02-01 9:54:26.248291] [WPBackItUp_Job_Item::setStatus]::[INFO]: Begin
[2019-02-01 9:54:26.272283] [WPBackItUp_Job_Item::get_open_item_count]::[INFO]: Begin
[2019-02-01 9:54:26.286791] [WPBackItUp_Job_Item::__destruct]::[INFO]: Begin
[2019-02-01 9:54:26.286851] [WPBackItUp_Job_Item::__destruct]::[INFO]: End
[2019-02-01 9:54:28.895176] [WPBackItUp_Job_Item::get_item_batch_by_group]::[INFO]: Begin
[2019-02-01 9:54:29.065953] [WPBackItUp_Job_Item::setStatus]::[INFO]: Begin
[2019-02-01 9:54:29.082506] [WPBackItUp_Job_Item::get_open_item_count]::[INFO]: Begin
[2019-02-01 9:54:29.087683] [WPBackItUp_Job_Item::__destruct]::[INFO]: Begin
[2019-02-01 9:54:29.087960] [WPBackItUp_Job_Item::__destruct]::[INFO]: End
[2019-02-01 9:54:31.896276] [WPBackItUp_Job_Item::get_item_batch_by_group]::[INFO]: Begin
[2019-02-01 9:54:32.072992] [WPBackItUp_Job_Item::setStatus]::[INFO]: Begin
[2019-02-01 9:54:32.094912] [WPBackItUp_Job_Item::get_open_item_count]::[INFO]: Begin
[2019-02-01 9:54:32.105940] [WPBackItUp_Job_Item::__destruct]::[INFO]: Begin
[2019-02-01 9:54:32.106005] [WPBackItUp_Job_Item::__destruct]::[INFO]: End
[2019-02-01 9:54:34.774393] [WPBackItUp_Job_Item::get_item_batch_by_group]::[INFO]: Begin
[2019-02-01 9:54:35.482692] [WPBackItUp_Job_Item::setStatus]::[INFO]: Begin
[2019-02-01 9:54:35.716748] [WPBackItUp_Job_Item::get_open_item_count]::[INFO]: Begin
[2019-02-01 9:54:35.718070] [WPBackItUp_Job_Item::__destruct]::[INFO]: Begin
[2019-02-01 9:54:35.718135] [WPBackItUp_Job_Item::__destruct]::[INFO]: End
[2019-02-01 9:54:37.687557] [WPBackItUp_Job_Item::get_item_batch_by_group]::[INFO]: Begin
[2019-02-01 9:54:38.019181] [WPBackItUp_Job_Item::setStatus]::[INFO]: Begin
[2019-02-01 9:54:38.022218] [WPBackItUp_Job_Item::get_open_item_count]::[INFO]: Begin
[2019-02-01 9:54:38.023616] [WPBackItUp_Job_Item::__destruct]::[INFO]: Begin
[2019-02-01 9:54:38.023673] [WPBackItUp_Job_Item::__destruct]::[INFO]: End
[2019-02-01 9:54:39.237406] [WPBackItUp_Job_Item::get_item_batch_by_group]::[INFO]: Begin
[2019-02-01 9:54:39.913307] [WPBackItUp_Job_Item::setStatus]::[INFO]: Begin
[2019-02-01 9:54:39.919085] [WPBackItUp_Job_Item::get_open_item_count]::[INFO]: Begin
[2019-02-01 9:54:39.924280] [WPBackItUp_Job_Item::__destruct]::[INFO]: Begin
[2019-02-01 9:54:39.924380] [WPBackItUp_Job_Item::__destruct]::[INFO]: End
[2019-02-01 9:54:43.370865] [WPBackItUp_Job_Item::get_item_batch_by_group]::[INFO]: Begin
[2019-02-01 9:54:43.519623] [WPBackItUp_Job_Item::setStatus]::[INFO]: Begin
[2019-02-01 9:54:43.521332] [WPBackItUp_Job_Item::get_open_item_count]::[INFO]: Begin
[2019-02-01 9:54:43.523597] [WPBackItUp_Job_Item::__destruct]::[INFO]: Begin
[2019-02-01 9:54:43.523652] [WPBackItUp_Job_Item::__destruct]::[INFO]: End
[2019-02-01 9:54:45.225133] [WPBackItUp_Job_Item::get_item_batch_by_group]::[INFO]: Begin
[2019-02-01 9:54:45.391031] [WPBackItUp_Job_Item::setStatus]::[INFO]: Begin
[2019-02-01 9:54:45.403548] [WPBackItUp_Job_Item::get_open_item_count]::[INFO]: Begin
[2019-02-01 9:54:45.406763] [WPBackItUp_Job_Item::__destruct]::[INFO]: Begin
[2019-02-01 9:54:45.406852] [WPBackItUp_Job_Item::__destruct]::[INFO]: End
[2019-02-01 9:54:47.718326] [WPBackItUp_Job_Item::get_item_batch_by_group]::[INFO]: Begin
[2019-02-01 9:54:47.928144] [WPBackItUp_Job_Item::setStatus]::[INFO]: Begin
[2019-02-01 9:54:47.931380] [WPBackItUp_Job_Item::get_open_item_count]::[INFO]: Begin
[2019-02-01 9:54:47.935760] [WPBackItUp_Job_Item::__destruct]::[INFO]: Begin
[2019-02-01 9:54:47.935808] [WPBackItUp_Job_Item::__destruct]::[INFO]: End
[2019-02-01 9:54:49.875370] [WPBackItUp_Job_Item::get_item_batch_by_group]::[INFO]: Begin
[2019-02-01 9:54:50.108659] [WPBackItUp_Job_Item::setStatus]::[INFO]: Begin
[2019-02-01 9:54:50.128000] [WPBackItUp_Job_Item::get_open_item_count]::[INFO]: Begin
[2019-02-01 9:54:50.143416] [WPBackItUp_Job_Item::__destruct]::[INFO]: Begin
[2019-02-01 9:54:50.143469] [WPBackItUp_Job_Item::__destruct]::[INFO]: End
[2019-02-01 9:54:50.711010] [WPBackItUp_Job_Item::get_item_batch_by_group]::[INFO]: Begin
[2019-02-01 9:54:51.033581] [WPBackItUp_Job_Item::setStatus]::[INFO]: Begin
[2019-02-01 9:54:51.035217] [WPBackItUp_Job_Item::get_open_item_count]::[INFO]: Begin
[2019-02-01 9:54:51.104827] [WPBackItUp_Job_Item::__destruct]::[INFO]: Begin
[2019-02-01 9:54:51.104945] [WPBackItUp_Job_Item::__destruct]::[INFO]: End
[2019-02-01 9:54:54.198728] [WPBackItUp_Job_Item::get_item_batch_by_group]::[INFO]: Begin
[2019-02-01 9:54:54.702585] [WPBackItUp_Job_Item::setStatus]::[INFO]: Begin
[2019-02-01 9:54:54.768249] [WPBackItUp_Job_Item::get_open_item_count]::[INFO]: Begin
[2019-02-01 9:54:54.796916] [WPBackItUp_Job_Item::__destruct]::[INFO]: Begin
[2019-02-01 9:54:54.797017] [WPBackItUp_Job_Item::__destruct]::[INFO]: End
[2019-02-01 9:55:02.734000] [WPBackItUp_Job_Item::get_item_batch_by_group]::[INFO]: Begin
[2019-02-01 9:55:03.248819] [WPBackItUp_Job_Item::setStatus]::[INFO]: Begin
[2019-02-01 9:55:03.265096] [WPBackItUp_Job_Item::get_open_item_count]::[INFO]: Begin
[2019-02-01 9:55:03.267251] [WPBackItUp_Job_Item::__destruct]::[INFO]: Begin
[2019-02-01 9:55:03.267313] [WPBackItUp_Job_Item::__destruct]::[INFO]: End
[2019-02-01 9:55:04.741328] [WPBackItUp_Job_Item::get_item_batch_by_group]::[INFO]: Begin
[2019-02-01 9:55:08.443480] [WPBackItUp_Job_Item::setStatus]::[INFO]: Begin
[2019-02-01 9:55:08.446257] [WPBackItUp_Job_Item::get_open_item_count]::[INFO]: Begin
[2019-02-01 9:55:08.450628] [WPBackItUp_Job_Item::__destruct]::[INFO]: Begin
[2019-02-01 9:55:08.450689] [WPBackItUp_Job_Item::__destruct]::[INFO]: End
[2019-02-01 9:55:09.426193] [WPBackItUp_Job_Item::get_item_batch_by_group]::[INFO]: Begin
[2019-02-01 9:55:09.970561] [WPBackItUp_Job_Item::setStatus]::[INFO]: Begin
[2019-02-01 9:55:09.983824] [WPBackItUp_Job_Item::get_open_item_count]::[INFO]: Begin
[2019-02-01 9:55:10.015027] [WPBackItUp_Job_Item::__destruct]::[INFO]: Begin
[2019-02-01 9:55:10.015117] [WPBackItUp_Job_Item::__destruct]::[INFO]: End
[2019-02-01 9:55:14.704091] [WPBackItUp_Job_Item::get_item_batch_by_group]::[INFO]: Begin
[2019-02-01 9:55:15.203571] [WPBackItUp_Job_Item::setStatus]::[INFO]: Begin
[2019-02-01 9:55:15.208096] [WPBackItUp_Job_Item::get_open_item_count]::[INFO]: Begin
[2019-02-01 9:55:15.214791] [WPBackItUp_Job_Item::__destruct]::[INFO]: Begin
[2019-02-01 9:55:15.214885] [WPBackItUp_Job_Item::__destruct]::[INFO]: End
[2019-02-01 9:55:17.917876] [WPBackItUp_Job_Item::get_item_batch_by_group]::[INFO]: Begin
[2019-02-01 9:55:18.169712] [WPBackItUp_Job_Item::setStatus]::[INFO]: Begin
[2019-02-01 9:55:18.171650] [WPBackItUp_Job_Item::get_open_item_count]::[INFO]: Begin
[2019-02-01 9:55:18.174509] [WPBackItUp_Job_Item::__destruct]::[INFO]: Begin
[2019-02-01 9:55:18.174556] [WPBackItUp_Job_Item::__destruct]::[INFO]: End
[2019-02-01 9:55:20.773541] [WPBackItUp_Job_Item::get_item_batch_by_group]::[INFO]: Begin
[2019-02-01 9:55:20.926985] [WPBackItUp_Job_Item::setStatus]::[INFO]: Begin
[2019-02-01 9:55:20.929707] [WPBackItUp_Job_Item::get_open_item_count]::[INFO]: Begin
[2019-02-01 9:55:20.931205] [WPBackItUp_Job_Item::__destruct]::[INFO]: Begin
[2019-02-01 9:55:20.931257] [WPBackItUp_Job_Item::__destruct]::[INFO]: End
[2019-02-01 9:55:20.968290] [WPBackItUp_Job_Item::get_item_batch_by_group]::[INFO]: Begin
[2019-02-01 9:55:21.303236] [WPBackItUp_Job_Item::setStatus]::[INFO]: Begin
[2019-02-01 9:55:21.312268] [WPBackItUp_Job_Item::get_open_item_count]::[INFO]: Begin
[2019-02-01 9:55:21.344978] [WPBackItUp_Job_Item::__destruct]::[INFO]: Begin
[2019-02-01 9:55:21.345021] [WPBackItUp_Job_Item::__destruct]::[INFO]: End
[2019-02-01 9:55:24.193238] [WPBackItUp_Job_Item::get_item_batch_by_group]::[INFO]: Begin
[2019-02-01 9:55:24.468225] [WPBackItUp_Job_Item::setStatus]::[INFO]: Begin
[2019-02-01 9:55:24.505296] [WPBackItUp_Job_Item::get_open_item_count]::[INFO]: Begin
[2019-02-01 9:55:24.516499] [WPBackItUp_Job_Item::__destruct]::[INFO]: Begin
[2019-02-01 9:55:24.516593] [WPBackItUp_Job_Item::__destruct]::[INFO]: End
[2019-02-01 9:55:27.275651] [WPBackItUp_Job_Item::get_item_batch_by_group]::[INFO]: Begin
[2019-02-01 9:55:27.720520] [WPBackItUp_Job_Item::setStatus]::[INFO]: Begin
[2019-02-01 9:55:27.723330] [WPBackItUp_Job_Item::get_open_item_count]::[INFO]: Begin
[2019-02-01 9:55:27.730928] [WPBackItUp_Job_Item::__destruct]::[INFO]: Begin
[2019-02-01 9:55:27.731210] [WPBackItUp_Job_Item::__destruct]::[INFO]: End
[2019-02-01 9:55:29.222882] [WPBackItUp_Job_Item::get_item_batch_by_group]::[INFO]: Begin
[2019-02-01 9:55:29.571818] [WPBackItUp_Job_Item::setStatus]::[INFO]: Begin
[2019-02-01 9:55:29.577089] [WPBackItUp_Job_Item::get_open_item_count]::[INFO]: Begin
[2019-02-01 9:55:29.589814] [WPBackItUp_Job_Item::__destruct]::[INFO]: Begin
[2019-02-01 9:55:29.589901] [WPBackItUp_Job_Item::__destruct]::[INFO]: End
[2019-02-01 9:55:31.383609] [WPBackItUp_Job_Item::get_item_batch_by_group]::[INFO]: Begin
[2019-02-01 9:55:31.693723] [WPBackItUp_Job_Item::setStatus]::[INFO]: Begin
[2019-02-01 9:55:31.701926] [WPBackItUp_Job_Item::get_open_item_count]::[INFO]: Begin
[2019-02-01 9:55:31.705096] [WPBackItUp_Job_Item::__destruct]::[INFO]: Begin
[2019-02-01 9:55:31.705147] [WPBackItUp_Job_Item::__destruct]::[INFO]: End
[2019-02-01 9:55:34.652671] [WPBackItUp_Job_Item::get_item_batch_by_group]::[INFO]: Begin
[2019-02-01 9:55:35.647336] [WPBackItUp_Job_Item::setStatus]::[INFO]: Begin
[2019-02-01 9:55:35.753274] [WPBackItUp_Job_Item::get_open_item_count]::[INFO]: Begin
[2019-02-01 9:55:35.765367] [WPBackItUp_Job_Item::__destruct]::[INFO]: Begin
[2019-02-01 9:55:35.765418] [WPBackItUp_Job_Item::__destruct]::[INFO]: End
[2019-02-01 9:55:37.428711] [WPBackItUp_Job_Item::get_item_batch_by_group]::[INFO]: Begin
[2019-02-01 9:55:38.184959] [WPBackItUp_Job_Item::setStatus]::[INFO]: Begin
[2019-02-01 9:55:38.229589] [WPBackItUp_Job_Item::get_open_item_count]::[INFO]: Begin
[2019-02-01 9:55:38.234487] [WPBackItUp_Job_Item::__destruct]::[INFO]: Begin
[2019-02-01 9:55:38.234558] [WPBackItUp_Job_Item::__destruct]::[INFO]: End
